<?xml version="1.0" encoding="UTF-8"?>
<coverage generated="1764781487846" clover="3.2.0">
  <project timestamp="1764781487846" name="All files">
    <metrics statements="359" coveredstatements="314" conditionals="178" coveredconditionals="118" methods="57" coveredmethods="57" elements="594" coveredelements="489" complexity="0" loc="359" ncloc="359" packages="5" files="14" classes="14"/>
    <package name="config">
      <metrics statements="2" coveredstatements="2" conditionals="0" coveredconditionals="0" methods="0" coveredmethods="0"/>
      <file name="swagger.js" path="C:\Users\larry\OneDrive\Área de Trabalho\testes\src\config\swagger.js">
        <metrics statements="2" coveredstatements="2" conditionals="0" coveredconditionals="0" methods="0" coveredmethods="0"/>
        <line num="5" count="4" type="stmt"/>
        <line num="248" count="4" type="stmt"/>
      </file>
    </package>
    <package name="controllers">
      <metrics statements="161" coveredstatements="126" conditionals="69" coveredconditionals="43" methods="16" coveredmethods="16"/>
      <file name="reservaController.js" path="C:\Users\larry\OneDrive\Área de Trabalho\testes\src\controllers\reservaController.js">
        <metrics statements="69" coveredstatements="56" conditionals="37" coveredconditionals="27" methods="6" coveredmethods="6"/>
        <line num="5" count="4" type="stmt"/>
        <line num="6" count="4" type="stmt"/>
        <line num="8" count="4" type="stmt"/>
        <line num="13" count="23" type="stmt"/>
        <line num="14" count="23" type="stmt"/>
        <line num="15" count="23" type="cond" truecount="1" falsecount="1"/>
        <line num="16" count="0" type="stmt"/>
        <line num="19" count="23" type="stmt"/>
        <line num="20" count="23" type="stmt"/>
        <line num="22" count="19" type="stmt"/>
        <line num="27" count="4" type="cond" truecount="3" falsecount="1"/>
        <line num="28" count="0" type="stmt"/>
        <line num="30" count="4" type="cond" truecount="2" falsecount="0"/>
        <line num="31" count="1" type="stmt"/>
        <line num="33" count="3" type="cond" truecount="1" falsecount="1"/>
        <line num="38" count="3" type="stmt"/>
        <line num="40" count="0" type="stmt"/>
        <line num="48" count="3" type="stmt"/>
        <line num="49" count="3" type="stmt"/>
        <line num="52" count="3" type="cond" truecount="4" falsecount="0"/>
        <line num="53" count="1" type="stmt"/>
        <line num="54" count="1" type="stmt"/>
        <line num="58" count="2" type="cond" truecount="2" falsecount="0"/>
        <line num="59" count="1" type="stmt"/>
        <line num="60" count="1" type="stmt"/>
        <line num="64" count="1" type="stmt"/>
        <line num="65" count="1" type="stmt"/>
        <line num="67" count="0" type="stmt"/>
        <line num="75" count="2" type="stmt"/>
        <line num="76" count="2" type="stmt"/>
        <line num="77" count="2" type="stmt"/>
        <line num="79" count="2" type="cond" truecount="2" falsecount="0"/>
        <line num="80" count="1" type="stmt"/>
        <line num="83" count="1" type="stmt"/>
        <line num="85" count="0" type="stmt"/>
        <line num="93" count="2" type="stmt"/>
        <line num="94" count="2" type="stmt"/>
        <line num="95" count="2" type="cond" truecount="1" falsecount="1"/>
        <line num="96" count="0" type="stmt"/>
        <line num="99" count="2" type="stmt"/>
        <line num="100" count="2" type="stmt"/>
        <line num="102" count="1" type="stmt"/>
        <line num="107" count="1" type="cond" truecount="1" falsecount="1"/>
        <line num="108" count="0" type="stmt"/>
        <line num="110" count="1" type="cond" truecount="1" falsecount="1"/>
        <line num="111" count="1" type="stmt"/>
        <line num="113" count="0" type="cond" truecount="0" falsecount="2"/>
        <line num="114" count="0" type="stmt"/>
        <line num="116" count="0" type="stmt"/>
        <line num="124" count="2" type="stmt"/>
        <line num="125" count="2" type="stmt"/>
        <line num="126" count="2" type="stmt"/>
        <line num="128" count="1" type="stmt"/>
        <line num="133" count="1" type="cond" truecount="1" falsecount="1"/>
        <line num="134" count="0" type="stmt"/>
        <line num="136" count="1" type="cond" truecount="1" falsecount="1"/>
        <line num="137" count="1" type="stmt"/>
        <line num="139" count="0" type="stmt"/>
        <line num="147" count="7" type="stmt"/>
        <line num="148" count="7" type="stmt"/>
        <line num="149" count="7" type="cond" truecount="2" falsecount="0"/>
        <line num="150" count="3" type="stmt"/>
        <line num="153" count="4" type="stmt"/>
        <line num="155" count="4" type="cond" truecount="2" falsecount="0"/>
        <line num="156" count="1" type="stmt"/>
        <line num="159" count="3" type="stmt"/>
        <line num="161" count="3" type="stmt"/>
        <line num="168" count="0" type="stmt"/>
        <line num="173" count="4" type="stmt"/>
      </file>
      <file name="salaController.js" path="C:\Users\larry\OneDrive\Área de Trabalho\testes\src\controllers\salaController.js">
        <metrics statements="44" coveredstatements="35" conditionals="14" coveredconditionals="8" methods="5" coveredmethods="5"/>
        <line num="5" count="4" type="stmt"/>
        <line num="6" count="4" type="stmt"/>
        <line num="8" count="4" type="stmt"/>
        <line num="13" count="14" type="stmt"/>
        <line num="14" count="14" type="stmt"/>
        <line num="15" count="14" type="cond" truecount="2" falsecount="0"/>
        <line num="16" count="1" type="stmt"/>
        <line num="19" count="13" type="stmt"/>
        <line num="20" count="13" type="stmt"/>
        <line num="22" count="13" type="stmt"/>
        <line num="27" count="0" type="cond" truecount="0" falsecount="2"/>
        <line num="28" count="0" type="stmt"/>
        <line num="30" count="0" type="stmt"/>
        <line num="38" count="1" type="stmt"/>
        <line num="39" count="1" type="stmt"/>
        <line num="40" count="1" type="stmt"/>
        <line num="42" count="0" type="stmt"/>
        <line num="50" count="3" type="stmt"/>
        <line num="51" count="3" type="stmt"/>
        <line num="52" count="3" type="stmt"/>
        <line num="54" count="3" type="cond" truecount="2" falsecount="0"/>
        <line num="55" count="2" type="stmt"/>
        <line num="58" count="1" type="stmt"/>
        <line num="60" count="0" type="stmt"/>
        <line num="68" count="2" type="stmt"/>
        <line num="69" count="2" type="stmt"/>
        <line num="70" count="2" type="cond" truecount="1" falsecount="1"/>
        <line num="71" count="0" type="stmt"/>
        <line num="74" count="2" type="stmt"/>
        <line num="75" count="2" type="stmt"/>
        <line num="77" count="1" type="stmt"/>
        <line num="82" count="1" type="cond" truecount="1" falsecount="1"/>
        <line num="83" count="0" type="stmt"/>
        <line num="85" count="1" type="cond" truecount="1" falsecount="1"/>
        <line num="86" count="1" type="stmt"/>
        <line num="88" count="0" type="stmt"/>
        <line num="96" count="2" type="stmt"/>
        <line num="97" count="2" type="stmt"/>
        <line num="98" count="2" type="stmt"/>
        <line num="100" count="1" type="stmt"/>
        <line num="105" count="1" type="cond" truecount="1" falsecount="1"/>
        <line num="106" count="1" type="stmt"/>
        <line num="108" count="0" type="stmt"/>
        <line num="113" count="4" type="stmt"/>
      </file>
      <file name="usuarioController.js" path="C:\Users\larry\OneDrive\Área de Trabalho\testes\src\controllers\usuarioController.js">
        <metrics statements="48" coveredstatements="35" conditionals="18" coveredconditionals="8" methods="5" coveredmethods="5"/>
        <line num="5" count="4" type="stmt"/>
        <line num="6" count="4" type="stmt"/>
        <line num="8" count="4" type="stmt"/>
        <line num="13" count="11" type="stmt"/>
        <line num="14" count="11" type="stmt"/>
        <line num="15" count="11" type="cond" truecount="2" falsecount="0"/>
        <line num="16" count="1" type="stmt"/>
        <line num="19" count="10" type="stmt"/>
        <line num="20" count="10" type="stmt"/>
        <line num="22" count="9" type="stmt"/>
        <line num="27" count="1" type="cond" truecount="1" falsecount="1"/>
        <line num="28" count="1" type="stmt"/>
        <line num="30" count="0" type="cond" truecount="0" falsecount="2"/>
        <line num="31" count="0" type="stmt"/>
        <line num="33" count="0" type="stmt"/>
        <line num="41" count="1" type="stmt"/>
        <line num="42" count="1" type="stmt"/>
        <line num="43" count="1" type="stmt"/>
        <line num="45" count="0" type="stmt"/>
        <line num="53" count="3" type="stmt"/>
        <line num="54" count="3" type="stmt"/>
        <line num="55" count="3" type="stmt"/>
        <line num="57" count="3" type="cond" truecount="2" falsecount="0"/>
        <line num="58" count="2" type="stmt"/>
        <line num="61" count="1" type="stmt"/>
        <line num="63" count="0" type="stmt"/>
        <line num="71" count="2" type="stmt"/>
        <line num="72" count="2" type="stmt"/>
        <line num="73" count="2" type="cond" truecount="1" falsecount="1"/>
        <line num="74" count="0" type="stmt"/>
        <line num="77" count="2" type="stmt"/>
        <line num="78" count="2" type="stmt"/>
        <line num="80" count="1" type="stmt"/>
        <line num="85" count="1" type="cond" truecount="1" falsecount="1"/>
        <line num="86" count="0" type="stmt"/>
        <line num="88" count="1" type="cond" truecount="1" falsecount="1"/>
        <line num="89" count="1" type="stmt"/>
        <line num="91" count="0" type="cond" truecount="0" falsecount="2"/>
        <line num="92" count="0" type="stmt"/>
        <line num="94" count="0" type="stmt"/>
        <line num="102" count="1" type="stmt"/>
        <line num="103" count="1" type="stmt"/>
        <line num="104" count="1" type="stmt"/>
        <line num="106" count="1" type="stmt"/>
        <line num="111" count="0" type="cond" truecount="0" falsecount="2"/>
        <line num="112" count="0" type="stmt"/>
        <line num="114" count="0" type="stmt"/>
        <line num="119" count="4" type="stmt"/>
      </file>
    </package>
    <package name="middlewares">
      <metrics statements="9" coveredstatements="9" conditionals="0" coveredconditionals="0" methods="0" coveredmethods="0"/>
      <file name="reservaValidations.js" path="C:\Users\larry\OneDrive\Área de Trabalho\testes\src\middlewares\reservaValidations.js">
        <metrics statements="3" coveredstatements="3" conditionals="0" coveredconditionals="0" methods="0" coveredmethods="0"/>
        <line num="5" count="4" type="stmt"/>
        <line num="7" count="4" type="stmt"/>
        <line num="77" count="4" type="stmt"/>
      </file>
      <file name="salaValidations.js" path="C:\Users\larry\OneDrive\Área de Trabalho\testes\src\middlewares\salaValidations.js">
        <metrics statements="3" coveredstatements="3" conditionals="0" coveredconditionals="0" methods="0" coveredmethods="0"/>
        <line num="5" count="4" type="stmt"/>
        <line num="7" count="4" type="stmt"/>
        <line num="28" count="4" type="stmt"/>
      </file>
      <file name="usuarioValidations.js" path="C:\Users\larry\OneDrive\Área de Trabalho\testes\src\middlewares\usuarioValidations.js">
        <metrics statements="3" coveredstatements="3" conditionals="0" coveredconditionals="0" methods="0" coveredmethods="0"/>
        <line num="5" count="4" type="stmt"/>
        <line num="7" count="4" type="stmt"/>
        <line num="24" count="4" type="stmt"/>
      </file>
    </package>
    <package name="models">
      <metrics statements="151" coveredstatements="141" conditionals="109" coveredconditionals="75" methods="41" coveredmethods="41"/>
      <file name="Reserva.js" path="C:\Users\larry\OneDrive\Área de Trabalho\testes\src\models\Reserva.js">
        <metrics statements="74" coveredstatements="69" conditionals="63" coveredconditionals="44" methods="19" coveredmethods="19"/>
        <line num="6" count="4" type="stmt"/>
        <line num="7" count="4" type="stmt"/>
        <line num="11" count="19" type="stmt"/>
        <line num="12" count="19" type="stmt"/>
        <line num="13" count="19" type="stmt"/>
        <line num="14" count="19" type="stmt"/>
        <line num="15" count="19" type="stmt"/>
        <line num="16" count="19" type="stmt"/>
        <line num="17" count="19" type="stmt"/>
        <line num="22" count="4" type="stmt"/>
        <line num="23" count="4" type="stmt"/>
        <line num="25" count="4" type="stmt"/>
        <line num="31" count="23" type="stmt"/>
        <line num="32" count="23" type="cond" truecount="1" falsecount="1"/>
        <line num="33" count="0" type="stmt"/>
        <line num="37" count="23" type="stmt"/>
        <line num="38" count="23" type="cond" truecount="1" falsecount="1"/>
        <line num="39" count="0" type="stmt"/>
        <line num="43" count="23" type="cond" truecount="2" falsecount="0"/>
        <line num="44" count="1" type="stmt"/>
        <line num="48" count="22" type="cond" truecount="2" falsecount="0"/>
        <line num="49" count="1" type="stmt"/>
        <line num="53" count="21" type="stmt"/>
        <line num="54" count="21" type="stmt"/>
        <line num="55" count="21" type="cond" truecount="2" falsecount="0"/>
        <line num="56" count="1" type="stmt"/>
        <line num="60" count="20" type="stmt"/>
        <line num="62" count="12" type="cond" truecount="8" falsecount="0"/>
        <line num="69" count="20" type="cond" truecount="2" falsecount="0"/>
        <line num="70" count="1" type="stmt"/>
        <line num="73" count="19" type="stmt"/>
        <line num="74" count="19" type="stmt"/>
        <line num="75" count="19" type="stmt"/>
        <line num="82" count="2" type="stmt"/>
        <line num="89" count="6" type="stmt"/>
        <line num="96" count="3" type="cond" truecount="2" falsecount="0"/>
        <line num="103" count="3" type="stmt"/>
        <line num="110" count="2" type="stmt"/>
        <line num="111" count="2" type="cond" truecount="1" falsecount="1"/>
        <line num="112" count="0" type="stmt"/>
        <line num="116" count="2" type="cond" truecount="1" falsecount="1"/>
        <line num="117" count="2" type="cond" truecount="1" falsecount="1"/>
        <line num="118" count="2" type="cond" truecount="2" falsecount="0"/>
        <line num="121" count="2" type="cond" truecount="1" falsecount="1"/>
        <line num="122" count="0" type="stmt"/>
        <line num="126" count="2" type="stmt"/>
        <line num="128" count="2" type="cond" truecount="5" falsecount="4"/>
        <line num="136" count="2" type="cond" truecount="2" falsecount="0"/>
        <line num="137" count="1" type="stmt"/>
        <line num="141" count="1" type="cond" truecount="1" falsecount="1"/>
        <line num="142" count="1" type="cond" truecount="1" falsecount="1"/>
        <line num="143" count="1" type="cond" truecount="1" falsecount="1"/>
        <line num="144" count="1" type="cond" truecount="1" falsecount="1"/>
        <line num="146" count="1" type="stmt"/>
        <line num="153" count="2" type="stmt"/>
        <line num="154" count="2" type="cond" truecount="1" falsecount="1"/>
        <line num="155" count="0" type="stmt"/>
        <line num="159" count="2" type="stmt"/>
        <line num="160" count="2" type="stmt"/>
        <line num="162" count="2" type="cond" truecount="2" falsecount="0"/>
        <line num="163" count="1" type="stmt"/>
        <line num="166" count="1" type="stmt"/>
        <line num="167" count="1" type="stmt"/>
        <line num="168" count="1" type="stmt"/>
        <line num="175" count="3" type="stmt"/>
        <line num="176" count="9" type="stmt"/>
        <line num="178" count="3" type="stmt"/>
        <line num="180" count="9" type="stmt"/>
        <line num="182" count="9" type="cond" truecount="4" falsecount="4"/>
        <line num="189" count="9" type="stmt"/>
        <line num="192" count="3" type="stmt"/>
        <line num="199" count="20" type="stmt"/>
        <line num="200" count="20" type="stmt"/>
        <line num="204" count="4" type="stmt"/>
      </file>
      <file name="Sala.js" path="C:\Users\larry\OneDrive\Área de Trabalho\testes\src\models\Sala.js">
        <metrics statements="37" coveredstatements="36" conditionals="24" coveredconditionals="16" methods="11" coveredmethods="11"/>
        <line num="8" count="58" type="stmt"/>
        <line num="9" count="58" type="stmt"/>
        <line num="10" count="58" type="stmt"/>
        <line num="11" count="58" type="stmt"/>
        <line num="12" count="58" type="stmt"/>
        <line num="17" count="4" type="stmt"/>
        <line num="18" count="4" type="stmt"/>
        <line num="20" count="4" type="stmt"/>
        <line num="31" count="58" type="stmt"/>
        <line num="32" count="58" type="stmt"/>
        <line num="33" count="58" type="stmt"/>
        <line num="40" count="4" type="stmt"/>
        <line num="47" count="72" type="stmt"/>
        <line num="54" count="2" type="stmt"/>
        <line num="55" count="2" type="cond" truecount="1" falsecount="1"/>
        <line num="56" count="0" type="stmt"/>
        <line num="60" count="2" type="cond" truecount="4" falsecount="0"/>
        <line num="61" count="1" type="stmt"/>
        <line num="62" count="1" type="cond" truecount="2" falsecount="0"/>
        <line num="64" count="1" type="cond" truecount="1" falsecount="1"/>
        <line num="65" count="1" type="stmt"/>
        <line num="70" count="1" type="cond" truecount="1" falsecount="1"/>
        <line num="71" count="1" type="cond" truecount="1" falsecount="1"/>
        <line num="73" count="1" type="cond" truecount="1" falsecount="1"/>
        <line num="74" count="1" type="cond" truecount="1" falsecount="1"/>
        <line num="76" count="1" type="stmt"/>
        <line num="83" count="2" type="stmt"/>
        <line num="84" count="2" type="cond" truecount="2" falsecount="0"/>
        <line num="85" count="1" type="stmt"/>
        <line num="88" count="1" type="stmt"/>
        <line num="89" count="1" type="stmt"/>
        <line num="90" count="1" type="stmt"/>
        <line num="97" count="23" type="stmt"/>
        <line num="98" count="23" type="cond" truecount="2" falsecount="0"/>
        <line num="105" count="32" type="stmt"/>
        <line num="106" count="32" type="stmt"/>
        <line num="110" count="4" type="stmt"/>
      </file>
      <file name="Usuario.js" path="C:\Users\larry\OneDrive\Área de Trabalho\testes\src\models\Usuario.js">
        <metrics statements="40" coveredstatements="36" conditionals="22" coveredconditionals="15" methods="11" coveredmethods="11"/>
        <line num="8" count="41" type="stmt"/>
        <line num="9" count="41" type="stmt"/>
        <line num="10" count="41" type="stmt"/>
        <line num="15" count="4" type="stmt"/>
        <line num="16" count="4" type="stmt"/>
        <line num="18" count="4" type="stmt"/>
        <line num="24" count="42" type="stmt"/>
        <line num="25" count="42" type="cond" truecount="2" falsecount="0"/>
        <line num="26" count="1" type="stmt"/>
        <line num="30" count="41" type="stmt"/>
        <line num="31" count="41" type="cond" truecount="1" falsecount="1"/>
        <line num="32" count="0" type="stmt"/>
        <line num="35" count="41" type="stmt"/>
        <line num="36" count="41" type="stmt"/>
        <line num="37" count="41" type="stmt"/>
        <line num="44" count="1" type="stmt"/>
        <line num="51" count="33" type="stmt"/>
        <line num="58" count="2" type="stmt"/>
        <line num="59" count="2" type="cond" truecount="1" falsecount="1"/>
        <line num="60" count="0" type="stmt"/>
        <line num="64" count="2" type="cond" truecount="3" falsecount="1"/>
        <line num="65" count="2" type="stmt"/>
        <line num="66" count="2" type="cond" truecount="1" falsecount="1"/>
        <line num="67" count="0" type="stmt"/>
        <line num="70" count="2" type="stmt"/>
        <line num="71" count="2" type="cond" truecount="2" falsecount="0"/>
        <line num="73" count="2" type="cond" truecount="2" falsecount="0"/>
        <line num="74" count="1" type="stmt"/>
        <line num="79" count="1" type="cond" truecount="1" falsecount="1"/>
        <line num="80" count="1" type="cond" truecount="1" falsecount="1"/>
        <line num="82" count="1" type="stmt"/>
        <line num="89" count="1" type="stmt"/>
        <line num="90" count="1" type="cond" truecount="1" falsecount="1"/>
        <line num="91" count="0" type="stmt"/>
        <line num="94" count="1" type="stmt"/>
        <line num="95" count="1" type="stmt"/>
        <line num="96" count="1" type="stmt"/>
        <line num="103" count="29" type="stmt"/>
        <line num="104" count="29" type="stmt"/>
        <line num="108" count="4" type="stmt"/>
      </file>
    </package>
    <package name="routes">
      <metrics statements="36" coveredstatements="36" conditionals="0" coveredconditionals="0" methods="0" coveredmethods="0"/>
      <file name="disponibilidadeRoutes.js" path="C:\Users\larry\OneDrive\Área de Trabalho\testes\src\routes\disponibilidadeRoutes.js">
        <metrics statements="6" coveredstatements="6" conditionals="0" coveredconditionals="0" methods="0" coveredmethods="0"/>
        <line num="5" count="4" type="stmt"/>
        <line num="6" count="4" type="stmt"/>
        <line num="7" count="4" type="stmt"/>
        <line num="8" count="4" type="stmt"/>
        <line num="52" count="4" type="stmt"/>
        <line num="54" count="4" type="stmt"/>
      </file>
      <file name="reservaRoutes.js" path="C:\Users\larry\OneDrive\Área de Trabalho\testes\src\routes\reservaRoutes.js">
        <metrics statements="10" coveredstatements="10" conditionals="0" coveredconditionals="0" methods="0" coveredmethods="0"/>
        <line num="5" count="4" type="stmt"/>
        <line num="6" count="4" type="stmt"/>
        <line num="7" count="4" type="stmt"/>
        <line num="8" count="4" type="stmt"/>
        <line num="69" count="4" type="stmt"/>
        <line num="98" count="4" type="stmt"/>
        <line num="119" count="4" type="stmt"/>
        <line num="158" count="4" type="stmt"/>
        <line num="181" count="4" type="stmt"/>
        <line num="183" count="4" type="stmt"/>
      </file>
      <file name="salaRoutes.js" path="C:\Users\larry\OneDrive\Área de Trabalho\testes\src\routes\salaRoutes.js">
        <metrics statements="10" coveredstatements="10" conditionals="0" coveredconditionals="0" methods="0" coveredmethods="0"/>
        <line num="5" count="4" type="stmt"/>
        <line num="6" count="4" type="stmt"/>
        <line num="7" count="4" type="stmt"/>
        <line num="8" count="4" type="stmt"/>
        <line num="57" count="4" type="stmt"/>
        <line num="69" count="4" type="stmt"/>
        <line num="90" count="4" type="stmt"/>
        <line num="129" count="4" type="stmt"/>
        <line num="150" count="4" type="stmt"/>
        <line num="152" count="4" type="stmt"/>
      </file>
      <file name="usuarioRoutes.js" path="C:\Users\larry\OneDrive\Área de Trabalho\testes\src\routes\usuarioRoutes.js">
        <metrics statements="10" coveredstatements="10" conditionals="0" coveredconditionals="0" methods="0" coveredmethods="0"/>
        <line num="5" count="4" type="stmt"/>
        <line num="6" count="4" type="stmt"/>
        <line num="7" count="4" type="stmt"/>
        <line num="8" count="4" type="stmt"/>
        <line num="48" count="4" type="stmt"/>
        <line num="60" count="4" type="stmt"/>
        <line num="81" count="4" type="stmt"/>
        <line num="116" count="4" type="stmt"/>
        <line num="137" count="4" type="stmt"/>
        <line num="139" count="4" type="stmt"/>
      </file>
    </package>
  </project>
</coverage>
