{"C:\\Users\\larry\\OneDrive\\Área de Trabalho\\testes\\src\\config\\swagger.js": {"path":"C:\\Users\\larry\\OneDrive\\Área de Trabalho\\testes\\src\\config\\swagger.js","statementMap":{"0":{"start":{"line":5,"column":23},"end":{"line":246,"column":1}},"1":{"start":{"line":248,"column":0},"end":{"line":248,"column":32}}},"fnMap":{},"branchMap":{},"s":{"0":4,"1":4},"f":{},"b":{},"_coverageSchema":"1a1c01bbd47fc00a2c39e90264f33305004495a9","hash":"9c35d88895fb79248fed1ca799f080a44b05c61c"}
,"C:\\Users\\larry\\OneDrive\\Área de Trabalho\\testes\\src\\controllers\\reservaController.js": {"path":"C:\\Users\\larry\\OneDrive\\Área de Trabalho\\testes\\src\\controllers\\reservaController.js","statementMap":{"0":{"start":{"line":5,"column":21},"end":{"line":5,"column":49}},"1":{"start":{"line":6,"column":29},"end":{"line":6,"column":57}},"2":{"start":{"line":8,"column":26},"end":{"line":171,"column":1}},"3":{"start":{"line":13,"column":4},"end":{"line":41,"column":5}},"4":{"start":{"line":14,"column":21},"end":{"line":14,"column":42}},"5":{"start":{"line":15,"column":6},"end":{"line":17,"column":7}},"6":{"start":{"line":16,"column":8},"end":{"line":16,"column":64}},"7":{"start":{"line":19,"column":75},"end":{"line":19,"column":83}},"8":{"start":{"line":20,"column":26},"end":{"line":20,"column":102}},"9":{"start":{"line":22,"column":6},"end":{"line":25,"column":9}},"10":{"start":{"line":27,"column":6},"end":{"line":29,"column":7}},"11":{"start":{"line":28,"column":8},"end":{"line":28,"column":61}},"12":{"start":{"line":30,"column":6},"end":{"line":32,"column":7}},"13":{"start":{"line":31,"column":8},"end":{"line":31,"column":61}},"14":{"start":{"line":33,"column":6},"end":{"line":39,"column":7}},"15":{"start":{"line":38,"column":8},"end":{"line":38,"column":61}},"16":{"start":{"line":40,"column":6},"end":{"line":40,"column":72}},"17":{"start":{"line":48,"column":4},"end":{"line":68,"column":5}},"18":{"start":{"line":49,"column":44},"end":{"line":49,"column":53}},"19":{"start":{"line":52,"column":6},"end":{"line":55,"column":7}},"20":{"start":{"line":53,"column":25},"end":{"line":53,"column":71}},"21":{"start":{"line":54,"column":8},"end":{"line":54,"column":46}},"22":{"start":{"line":58,"column":6},"end":{"line":61,"column":7}},"23":{"start":{"line":59,"column":25},"end":{"line":59,"column":66}},"24":{"start":{"line":60,"column":8},"end":{"line":60,"column":46}},"25":{"start":{"line":64,"column":23},"end":{"line":64,"column":49}},"26":{"start":{"line":65,"column":6},"end":{"line":65,"column":44}},"27":{"start":{"line":67,"column":6},"end":{"line":67,"column":72}},"28":{"start":{"line":75,"column":4},"end":{"line":86,"column":5}},"29":{"start":{"line":76,"column":21},"end":{"line":76,"column":31}},"30":{"start":{"line":77,"column":22},"end":{"line":77,"column":50}},"31":{"start":{"line":79,"column":6},"end":{"line":81,"column":7}},"32":{"start":{"line":80,"column":8},"end":{"line":80,"column":72}},"33":{"start":{"line":83,"column":6},"end":{"line":83,"column":43}},"34":{"start":{"line":85,"column":6},"end":{"line":85,"column":72}},"35":{"start":{"line":93,"column":4},"end":{"line":117,"column":5}},"36":{"start":{"line":94,"column":21},"end":{"line":94,"column":42}},"37":{"start":{"line":95,"column":6},"end":{"line":97,"column":7}},"38":{"start":{"line":96,"column":8},"end":{"line":96,"column":64}},"39":{"start":{"line":99,"column":21},"end":{"line":99,"column":31}},"40":{"start":{"line":100,"column":32},"end":{"line":100,"column":68}},"41":{"start":{"line":102,"column":6},"end":{"line":105,"column":9}},"42":{"start":{"line":107,"column":6},"end":{"line":109,"column":7}},"43":{"start":{"line":108,"column":8},"end":{"line":108,"column":61}},"44":{"start":{"line":110,"column":6},"end":{"line":112,"column":7}},"45":{"start":{"line":111,"column":8},"end":{"line":111,"column":61}},"46":{"start":{"line":113,"column":6},"end":{"line":115,"column":7}},"47":{"start":{"line":114,"column":8},"end":{"line":114,"column":61}},"48":{"start":{"line":116,"column":6},"end":{"line":116,"column":72}},"49":{"start":{"line":124,"column":4},"end":{"line":140,"column":5}},"50":{"start":{"line":125,"column":21},"end":{"line":125,"column":31}},"51":{"start":{"line":126,"column":31},"end":{"line":126,"column":55}},"52":{"start":{"line":128,"column":6},"end":{"line":131,"column":9}},"53":{"start":{"line":133,"column":6},"end":{"line":135,"column":7}},"54":{"start":{"line":134,"column":8},"end":{"line":134,"column":61}},"55":{"start":{"line":136,"column":6},"end":{"line":138,"column":7}},"56":{"start":{"line":137,"column":8},"end":{"line":137,"column":61}},"57":{"start":{"line":139,"column":6},"end":{"line":139,"column":72}},"58":{"start":{"line":147,"column":4},"end":{"line":169,"column":5}},"59":{"start":{"line":148,"column":21},"end":{"line":148,"column":42}},"60":{"start":{"line":149,"column":6},"end":{"line":151,"column":7}},"61":{"start":{"line":150,"column":8},"end":{"line":150,"column":64}},"62":{"start":{"line":153,"column":46},"end":{"line":153,"column":55}},"63":{"start":{"line":155,"column":6},"end":{"line":157,"column":7}},"64":{"start":{"line":156,"column":8},"end":{"line":156,"column":99}},"65":{"start":{"line":159,"column":31},"end":{"line":159,"column":95}},"66":{"start":{"line":161,"column":6},"end":{"line":166,"column":9}},"67":{"start":{"line":168,"column":6},"end":{"line":168,"column":72}},"68":{"start":{"line":173,"column":0},"end":{"line":173,"column":35}}},"fnMap":{"0":{"name":"(anonymous_0)","decl":{"start":{"line":12,"column":9},"end":{"line":12,"column":10}},"loc":{"start":{"line":12,"column":23},"end":{"line":42,"column":3}},"line":12},"1":{"name":"(anonymous_1)","decl":{"start":{"line":47,"column":15},"end":{"line":47,"column":16}},"loc":{"start":{"line":47,"column":29},"end":{"line":69,"column":3}},"line":47},"2":{"name":"(anonymous_2)","decl":{"start":{"line":74,"column":15},"end":{"line":74,"column":16}},"loc":{"start":{"line":74,"column":29},"end":{"line":87,"column":3}},"line":74},"3":{"name":"(anonymous_3)","decl":{"start":{"line":92,"column":13},"end":{"line":92,"column":14}},"loc":{"start":{"line":92,"column":27},"end":{"line":118,"column":3}},"line":92},"4":{"name":"(anonymous_4)","decl":{"start":{"line":123,"column":11},"end":{"line":123,"column":12}},"loc":{"start":{"line":123,"column":25},"end":{"line":141,"column":3}},"line":123},"5":{"name":"(anonymous_5)","decl":{"start":{"line":146,"column":26},"end":{"line":146,"column":27}},"loc":{"start":{"line":146,"column":40},"end":{"line":170,"column":3}},"line":146}},"branchMap":{"0":{"loc":{"start":{"line":15,"column":6},"end":{"line":17,"column":7}},"type":"if","locations":[{"start":{"line":15,"column":6},"end":{"line":17,"column":7}},{"start":{},"end":{}}],"line":15},"1":{"loc":{"start":{"line":27,"column":6},"end":{"line":29,"column":7}},"type":"if","locations":[{"start":{"line":27,"column":6},"end":{"line":29,"column":7}},{"start":{},"end":{}}],"line":27},"2":{"loc":{"start":{"line":27,"column":10},"end":{"line":27,"column":95}},"type":"binary-expr","locations":[{"start":{"line":27,"column":10},"end":{"line":27,"column":52}},{"start":{"line":27,"column":56},"end":{"line":27,"column":95}}],"line":27},"3":{"loc":{"start":{"line":30,"column":6},"end":{"line":32,"column":7}},"type":"if","locations":[{"start":{"line":30,"column":6},"end":{"line":32,"column":7}},{"start":{},"end":{}}],"line":30},"4":{"loc":{"start":{"line":33,"column":6},"end":{"line":39,"column":7}},"type":"if","locations":[{"start":{"line":33,"column":6},"end":{"line":39,"column":7}},{"start":{},"end":{}}],"line":33},"5":{"loc":{"start":{"line":34,"column":8},"end":{"line":36,"column":68}},"type":"binary-expr","locations":[{"start":{"line":34,"column":8},"end":{"line":34,"column":63}},{"start":{"line":35,"column":8},"end":{"line":35,"column":77}},{"start":{"line":36,"column":8},"end":{"line":36,"column":68}}],"line":34},"6":{"loc":{"start":{"line":52,"column":6},"end":{"line":55,"column":7}},"type":"if","locations":[{"start":{"line":52,"column":6},"end":{"line":55,"column":7}},{"start":{},"end":{}}],"line":52},"7":{"loc":{"start":{"line":52,"column":10},"end":{"line":52,"column":25}},"type":"binary-expr","locations":[{"start":{"line":52,"column":10},"end":{"line":52,"column":17}},{"start":{"line":52,"column":21},"end":{"line":52,"column":25}}],"line":52},"8":{"loc":{"start":{"line":58,"column":6},"end":{"line":61,"column":7}},"type":"if","locations":[{"start":{"line":58,"column":6},"end":{"line":61,"column":7}},{"start":{},"end":{}}],"line":58},"9":{"loc":{"start":{"line":79,"column":6},"end":{"line":81,"column":7}},"type":"if","locations":[{"start":{"line":79,"column":6},"end":{"line":81,"column":7}},{"start":{},"end":{}}],"line":79},"10":{"loc":{"start":{"line":95,"column":6},"end":{"line":97,"column":7}},"type":"if","locations":[{"start":{"line":95,"column":6},"end":{"line":97,"column":7}},{"start":{},"end":{}}],"line":95},"11":{"loc":{"start":{"line":107,"column":6},"end":{"line":109,"column":7}},"type":"if","locations":[{"start":{"line":107,"column":6},"end":{"line":109,"column":7}},{"start":{},"end":{}}],"line":107},"12":{"loc":{"start":{"line":110,"column":6},"end":{"line":112,"column":7}},"type":"if","locations":[{"start":{"line":110,"column":6},"end":{"line":112,"column":7}},{"start":{},"end":{}}],"line":110},"13":{"loc":{"start":{"line":113,"column":6},"end":{"line":115,"column":7}},"type":"if","locations":[{"start":{"line":113,"column":6},"end":{"line":115,"column":7}},{"start":{},"end":{}}],"line":113},"14":{"loc":{"start":{"line":133,"column":6},"end":{"line":135,"column":7}},"type":"if","locations":[{"start":{"line":133,"column":6},"end":{"line":135,"column":7}},{"start":{},"end":{}}],"line":133},"15":{"loc":{"start":{"line":136,"column":6},"end":{"line":138,"column":7}},"type":"if","locations":[{"start":{"line":136,"column":6},"end":{"line":138,"column":7}},{"start":{},"end":{}}],"line":136},"16":{"loc":{"start":{"line":149,"column":6},"end":{"line":151,"column":7}},"type":"if","locations":[{"start":{"line":149,"column":6},"end":{"line":151,"column":7}},{"start":{},"end":{}}],"line":149},"17":{"loc":{"start":{"line":155,"column":6},"end":{"line":157,"column":7}},"type":"if","locations":[{"start":{"line":155,"column":6},"end":{"line":157,"column":7}},{"start":{},"end":{}}],"line":155}},"s":{"0":4,"1":4,"2":4,"3":23,"4":23,"5":23,"6":0,"7":23,"8":23,"9":19,"10":4,"11":0,"12":4,"13":1,"14":3,"15":3,"16":0,"17":3,"18":3,"19":3,"20":1,"21":1,"22":2,"23":1,"24":1,"25":1,"26":1,"27":0,"28":2,"29":2,"30":2,"31":2,"32":1,"33":1,"34":0,"35":2,"36":2,"37":2,"38":0,"39":2,"40":2,"41":1,"42":1,"43":0,"44":1,"45":1,"46":0,"47":0,"48":0,"49":2,"50":2,"51":2,"52":1,"53":1,"54":0,"55":1,"56":1,"57":0,"58":7,"59":7,"60":7,"61":3,"62":4,"63":4,"64":1,"65":3,"66":3,"67":0,"68":4},"f":{"0":23,"1":3,"2":2,"3":2,"4":2,"5":7},"b":{"0":[0,23],"1":[0,4],"2":[4,4],"3":[1,3],"4":[3,0],"5":[3,2,1],"6":[1,2],"7":[3,1],"8":[1,1],"9":[1,1],"10":[0,2],"11":[0,1],"12":[1,0],"13":[0,0],"14":[0,1],"15":[1,0],"16":[3,4],"17":[1,3]},"_coverageSchema":"1a1c01bbd47fc00a2c39e90264f33305004495a9","hash":"4b171bcf04420839c88ed85fc7094b26087b3b45"}
,"C:\\Users\\larry\\OneDrive\\Área de Trabalho\\testes\\src\\controllers\\salaController.js": {"path":"C:\\Users\\larry\\OneDrive\\Área de Trabalho\\testes\\src\\controllers\\salaController.js","statementMap":{"0":{"start":{"line":5,"column":18},"end":{"line":5,"column":43}},"1":{"start":{"line":6,"column":29},"end":{"line":6,"column":57}},"2":{"start":{"line":8,"column":23},"end":{"line":111,"column":1}},"3":{"start":{"line":13,"column":4},"end":{"line":31,"column":5}},"4":{"start":{"line":14,"column":21},"end":{"line":14,"column":42}},"5":{"start":{"line":15,"column":6},"end":{"line":17,"column":7}},"6":{"start":{"line":16,"column":8},"end":{"line":16,"column":64}},"7":{"start":{"line":19,"column":49},"end":{"line":19,"column":57}},"8":{"start":{"line":20,"column":23},"end":{"line":20,"column":70}},"9":{"start":{"line":22,"column":6},"end":{"line":25,"column":9}},"10":{"start":{"line":27,"column":6},"end":{"line":29,"column":7}},"11":{"start":{"line":28,"column":8},"end":{"line":28,"column":61}},"12":{"start":{"line":30,"column":6},"end":{"line":30,"column":72}},"13":{"start":{"line":38,"column":4},"end":{"line":43,"column":5}},"14":{"start":{"line":39,"column":20},"end":{"line":39,"column":43}},"15":{"start":{"line":40,"column":6},"end":{"line":40,"column":41}},"16":{"start":{"line":42,"column":6},"end":{"line":42,"column":72}},"17":{"start":{"line":50,"column":4},"end":{"line":61,"column":5}},"18":{"start":{"line":51,"column":21},"end":{"line":51,"column":31}},"19":{"start":{"line":52,"column":19},"end":{"line":52,"column":44}},"20":{"start":{"line":54,"column":6},"end":{"line":56,"column":7}},"21":{"start":{"line":55,"column":8},"end":{"line":55,"column":69}},"22":{"start":{"line":58,"column":6},"end":{"line":58,"column":40}},"23":{"start":{"line":60,"column":6},"end":{"line":60,"column":72}},"24":{"start":{"line":68,"column":4},"end":{"line":89,"column":5}},"25":{"start":{"line":69,"column":21},"end":{"line":69,"column":42}},"26":{"start":{"line":70,"column":6},"end":{"line":72,"column":7}},"27":{"start":{"line":71,"column":8},"end":{"line":71,"column":64}},"28":{"start":{"line":74,"column":21},"end":{"line":74,"column":31}},"29":{"start":{"line":75,"column":29},"end":{"line":75,"column":62}},"30":{"start":{"line":77,"column":6},"end":{"line":80,"column":9}},"31":{"start":{"line":82,"column":6},"end":{"line":84,"column":7}},"32":{"start":{"line":83,"column":8},"end":{"line":83,"column":61}},"33":{"start":{"line":85,"column":6},"end":{"line":87,"column":7}},"34":{"start":{"line":86,"column":8},"end":{"line":86,"column":61}},"35":{"start":{"line":88,"column":6},"end":{"line":88,"column":72}},"36":{"start":{"line":96,"column":4},"end":{"line":109,"column":5}},"37":{"start":{"line":97,"column":21},"end":{"line":97,"column":31}},"38":{"start":{"line":98,"column":27},"end":{"line":98,"column":48}},"39":{"start":{"line":100,"column":6},"end":{"line":103,"column":9}},"40":{"start":{"line":105,"column":6},"end":{"line":107,"column":7}},"41":{"start":{"line":106,"column":8},"end":{"line":106,"column":61}},"42":{"start":{"line":108,"column":6},"end":{"line":108,"column":72}},"43":{"start":{"line":113,"column":0},"end":{"line":113,"column":32}}},"fnMap":{"0":{"name":"(anonymous_0)","decl":{"start":{"line":12,"column":9},"end":{"line":12,"column":10}},"loc":{"start":{"line":12,"column":23},"end":{"line":32,"column":3}},"line":12},"1":{"name":"(anonymous_1)","decl":{"start":{"line":37,"column":15},"end":{"line":37,"column":16}},"loc":{"start":{"line":37,"column":29},"end":{"line":44,"column":3}},"line":37},"2":{"name":"(anonymous_2)","decl":{"start":{"line":49,"column":15},"end":{"line":49,"column":16}},"loc":{"start":{"line":49,"column":29},"end":{"line":62,"column":3}},"line":49},"3":{"name":"(anonymous_3)","decl":{"start":{"line":67,"column":13},"end":{"line":67,"column":14}},"loc":{"start":{"line":67,"column":27},"end":{"line":90,"column":3}},"line":67},"4":{"name":"(anonymous_4)","decl":{"start":{"line":95,"column":11},"end":{"line":95,"column":12}},"loc":{"start":{"line":95,"column":25},"end":{"line":110,"column":3}},"line":95}},"branchMap":{"0":{"loc":{"start":{"line":15,"column":6},"end":{"line":17,"column":7}},"type":"if","locations":[{"start":{"line":15,"column":6},"end":{"line":17,"column":7}},{"start":{},"end":{}}],"line":15},"1":{"loc":{"start":{"line":27,"column":6},"end":{"line":29,"column":7}},"type":"if","locations":[{"start":{"line":27,"column":6},"end":{"line":29,"column":7}},{"start":{},"end":{}}],"line":27},"2":{"loc":{"start":{"line":54,"column":6},"end":{"line":56,"column":7}},"type":"if","locations":[{"start":{"line":54,"column":6},"end":{"line":56,"column":7}},{"start":{},"end":{}}],"line":54},"3":{"loc":{"start":{"line":70,"column":6},"end":{"line":72,"column":7}},"type":"if","locations":[{"start":{"line":70,"column":6},"end":{"line":72,"column":7}},{"start":{},"end":{}}],"line":70},"4":{"loc":{"start":{"line":82,"column":6},"end":{"line":84,"column":7}},"type":"if","locations":[{"start":{"line":82,"column":6},"end":{"line":84,"column":7}},{"start":{},"end":{}}],"line":82},"5":{"loc":{"start":{"line":85,"column":6},"end":{"line":87,"column":7}},"type":"if","locations":[{"start":{"line":85,"column":6},"end":{"line":87,"column":7}},{"start":{},"end":{}}],"line":85},"6":{"loc":{"start":{"line":105,"column":6},"end":{"line":107,"column":7}},"type":"if","locations":[{"start":{"line":105,"column":6},"end":{"line":107,"column":7}},{"start":{},"end":{}}],"line":105}},"s":{"0":4,"1":4,"2":4,"3":14,"4":14,"5":14,"6":1,"7":13,"8":13,"9":13,"10":0,"11":0,"12":0,"13":1,"14":1,"15":1,"16":0,"17":3,"18":3,"19":3,"20":3,"21":2,"22":1,"23":0,"24":2,"25":2,"26":2,"27":0,"28":2,"29":2,"30":1,"31":1,"32":0,"33":1,"34":1,"35":0,"36":2,"37":2,"38":2,"39":1,"40":1,"41":1,"42":0,"43":4},"f":{"0":14,"1":1,"2":3,"3":2,"4":2},"b":{"0":[1,13],"1":[0,0],"2":[2,1],"3":[0,2],"4":[0,1],"5":[1,0],"6":[1,0]},"_coverageSchema":"1a1c01bbd47fc00a2c39e90264f33305004495a9","hash":"fa546aa3daf1bb0aec99aafa3eebbf43ea893021"}
,"C:\\Users\\larry\\OneDrive\\Área de Trabalho\\testes\\src\\controllers\\usuarioController.js": {"path":"C:\\Users\\larry\\OneDrive\\Área de Trabalho\\testes\\src\\controllers\\usuarioController.js","statementMap":{"0":{"start":{"line":5,"column":21},"end":{"line":5,"column":49}},"1":{"start":{"line":6,"column":29},"end":{"line":6,"column":57}},"2":{"start":{"line":8,"column":26},"end":{"line":117,"column":1}},"3":{"start":{"line":13,"column":4},"end":{"line":34,"column":5}},"4":{"start":{"line":14,"column":21},"end":{"line":14,"column":42}},"5":{"start":{"line":15,"column":6},"end":{"line":17,"column":7}},"6":{"start":{"line":16,"column":8},"end":{"line":16,"column":64}},"7":{"start":{"line":19,"column":30},"end":{"line":19,"column":38}},"8":{"start":{"line":20,"column":26},"end":{"line":20,"column":57}},"9":{"start":{"line":22,"column":6},"end":{"line":25,"column":9}},"10":{"start":{"line":27,"column":6},"end":{"line":29,"column":7}},"11":{"start":{"line":28,"column":8},"end":{"line":28,"column":61}},"12":{"start":{"line":30,"column":6},"end":{"line":32,"column":7}},"13":{"start":{"line":31,"column":8},"end":{"line":31,"column":61}},"14":{"start":{"line":33,"column":6},"end":{"line":33,"column":72}},"15":{"start":{"line":41,"column":4},"end":{"line":46,"column":5}},"16":{"start":{"line":42,"column":23},"end":{"line":42,"column":49}},"17":{"start":{"line":43,"column":6},"end":{"line":43,"column":44}},"18":{"start":{"line":45,"column":6},"end":{"line":45,"column":72}},"19":{"start":{"line":53,"column":4},"end":{"line":64,"column":5}},"20":{"start":{"line":54,"column":21},"end":{"line":54,"column":31}},"21":{"start":{"line":55,"column":22},"end":{"line":55,"column":50}},"22":{"start":{"line":57,"column":6},"end":{"line":59,"column":7}},"23":{"start":{"line":58,"column":8},"end":{"line":58,"column":72}},"24":{"start":{"line":61,"column":6},"end":{"line":61,"column":43}},"25":{"start":{"line":63,"column":6},"end":{"line":63,"column":72}},"26":{"start":{"line":71,"column":4},"end":{"line":95,"column":5}},"27":{"start":{"line":72,"column":21},"end":{"line":72,"column":42}},"28":{"start":{"line":73,"column":6},"end":{"line":75,"column":7}},"29":{"start":{"line":74,"column":8},"end":{"line":74,"column":64}},"30":{"start":{"line":77,"column":21},"end":{"line":77,"column":31}},"31":{"start":{"line":78,"column":32},"end":{"line":78,"column":68}},"32":{"start":{"line":80,"column":6},"end":{"line":83,"column":9}},"33":{"start":{"line":85,"column":6},"end":{"line":87,"column":7}},"34":{"start":{"line":86,"column":8},"end":{"line":86,"column":61}},"35":{"start":{"line":88,"column":6},"end":{"line":90,"column":7}},"36":{"start":{"line":89,"column":8},"end":{"line":89,"column":61}},"37":{"start":{"line":91,"column":6},"end":{"line":93,"column":7}},"38":{"start":{"line":92,"column":8},"end":{"line":92,"column":61}},"39":{"start":{"line":94,"column":6},"end":{"line":94,"column":72}},"40":{"start":{"line":102,"column":4},"end":{"line":115,"column":5}},"41":{"start":{"line":103,"column":21},"end":{"line":103,"column":31}},"42":{"start":{"line":104,"column":30},"end":{"line":104,"column":54}},"43":{"start":{"line":106,"column":6},"end":{"line":109,"column":9}},"44":{"start":{"line":111,"column":6},"end":{"line":113,"column":7}},"45":{"start":{"line":112,"column":8},"end":{"line":112,"column":61}},"46":{"start":{"line":114,"column":6},"end":{"line":114,"column":72}},"47":{"start":{"line":119,"column":0},"end":{"line":119,"column":35}}},"fnMap":{"0":{"name":"(anonymous_0)","decl":{"start":{"line":12,"column":9},"end":{"line":12,"column":10}},"loc":{"start":{"line":12,"column":23},"end":{"line":35,"column":3}},"line":12},"1":{"name":"(anonymous_1)","decl":{"start":{"line":40,"column":15},"end":{"line":40,"column":16}},"loc":{"start":{"line":40,"column":29},"end":{"line":47,"column":3}},"line":40},"2":{"name":"(anonymous_2)","decl":{"start":{"line":52,"column":15},"end":{"line":52,"column":16}},"loc":{"start":{"line":52,"column":29},"end":{"line":65,"column":3}},"line":52},"3":{"name":"(anonymous_3)","decl":{"start":{"line":70,"column":13},"end":{"line":70,"column":14}},"loc":{"start":{"line":70,"column":27},"end":{"line":96,"column":3}},"line":70},"4":{"name":"(anonymous_4)","decl":{"start":{"line":101,"column":11},"end":{"line":101,"column":12}},"loc":{"start":{"line":101,"column":25},"end":{"line":116,"column":3}},"line":101}},"branchMap":{"0":{"loc":{"start":{"line":15,"column":6},"end":{"line":17,"column":7}},"type":"if","locations":[{"start":{"line":15,"column":6},"end":{"line":17,"column":7}},{"start":{},"end":{}}],"line":15},"1":{"loc":{"start":{"line":27,"column":6},"end":{"line":29,"column":7}},"type":"if","locations":[{"start":{"line":27,"column":6},"end":{"line":29,"column":7}},{"start":{},"end":{}}],"line":27},"2":{"loc":{"start":{"line":30,"column":6},"end":{"line":32,"column":7}},"type":"if","locations":[{"start":{"line":30,"column":6},"end":{"line":32,"column":7}},{"start":{},"end":{}}],"line":30},"3":{"loc":{"start":{"line":57,"column":6},"end":{"line":59,"column":7}},"type":"if","locations":[{"start":{"line":57,"column":6},"end":{"line":59,"column":7}},{"start":{},"end":{}}],"line":57},"4":{"loc":{"start":{"line":73,"column":6},"end":{"line":75,"column":7}},"type":"if","locations":[{"start":{"line":73,"column":6},"end":{"line":75,"column":7}},{"start":{},"end":{}}],"line":73},"5":{"loc":{"start":{"line":85,"column":6},"end":{"line":87,"column":7}},"type":"if","locations":[{"start":{"line":85,"column":6},"end":{"line":87,"column":7}},{"start":{},"end":{}}],"line":85},"6":{"loc":{"start":{"line":88,"column":6},"end":{"line":90,"column":7}},"type":"if","locations":[{"start":{"line":88,"column":6},"end":{"line":90,"column":7}},{"start":{},"end":{}}],"line":88},"7":{"loc":{"start":{"line":91,"column":6},"end":{"line":93,"column":7}},"type":"if","locations":[{"start":{"line":91,"column":6},"end":{"line":93,"column":7}},{"start":{},"end":{}}],"line":91},"8":{"loc":{"start":{"line":111,"column":6},"end":{"line":113,"column":7}},"type":"if","locations":[{"start":{"line":111,"column":6},"end":{"line":113,"column":7}},{"start":{},"end":{}}],"line":111}},"s":{"0":4,"1":4,"2":4,"3":11,"4":11,"5":11,"6":1,"7":10,"8":10,"9":9,"10":1,"11":1,"12":0,"13":0,"14":0,"15":1,"16":1,"17":1,"18":0,"19":3,"20":3,"21":3,"22":3,"23":2,"24":1,"25":0,"26":2,"27":2,"28":2,"29":0,"30":2,"31":2,"32":1,"33":1,"34":0,"35":1,"36":1,"37":0,"38":0,"39":0,"40":1,"41":1,"42":1,"43":1,"44":0,"45":0,"46":0,"47":4},"f":{"0":11,"1":1,"2":3,"3":2,"4":1},"b":{"0":[1,10],"1":[1,0],"2":[0,0],"3":[2,1],"4":[0,2],"5":[0,1],"6":[1,0],"7":[0,0],"8":[0,0]},"_coverageSchema":"1a1c01bbd47fc00a2c39e90264f33305004495a9","hash":"dbb76e0df52ae26c8c5fc19d3832298eb490a1b5"}
,"C:\\Users\\larry\\OneDrive\\Área de Trabalho\\testes\\src\\middlewares\\reservaValidations.js": {"path":"C:\\Users\\larry\\OneDrive\\Área de Trabalho\\testes\\src\\middlewares\\reservaValidations.js","statementMap":{"0":{"start":{"line":5,"column":24},"end":{"line":5,"column":52}},"1":{"start":{"line":7,"column":27},"end":{"line":75,"column":1}},"2":{"start":{"line":77,"column":0},"end":{"line":77,"column":36}}},"fnMap":{},"branchMap":{},"s":{"0":4,"1":4,"2":4},"f":{},"b":{},"_coverageSchema":"1a1c01bbd47fc00a2c39e90264f33305004495a9","hash":"f1b6d8f30c487d2d90245d3d2d500e77c7d43331"}
,"C:\\Users\\larry\\OneDrive\\Área de Trabalho\\testes\\src\\middlewares\\salaValidations.js": {"path":"C:\\Users\\larry\\OneDrive\\Área de Trabalho\\testes\\src\\middlewares\\salaValidations.js","statementMap":{"0":{"start":{"line":5,"column":17},"end":{"line":5,"column":45}},"1":{"start":{"line":7,"column":24},"end":{"line":26,"column":1}},"2":{"start":{"line":28,"column":0},"end":{"line":28,"column":33}}},"fnMap":{},"branchMap":{},"s":{"0":4,"1":4,"2":4},"f":{},"b":{},"_coverageSchema":"1a1c01bbd47fc00a2c39e90264f33305004495a9","hash":"b997dbe1b8efacafd7e726076ec5ebdeaf41a11d"}
,"C:\\Users\\larry\\OneDrive\\Área de Trabalho\\testes\\src\\middlewares\\usuarioValidations.js": {"path":"C:\\Users\\larry\\OneDrive\\Área de Trabalho\\testes\\src\\middlewares\\usuarioValidations.js","statementMap":{"0":{"start":{"line":5,"column":17},"end":{"line":5,"column":45}},"1":{"start":{"line":7,"column":27},"end":{"line":22,"column":1}},"2":{"start":{"line":24,"column":0},"end":{"line":24,"column":36}}},"fnMap":{},"branchMap":{},"s":{"0":4,"1":4,"2":4},"f":{},"b":{},"_coverageSchema":"1a1c01bbd47fc00a2c39e90264f33305004495a9","hash":"e5180423412539f6ba9f0b2f3cd4a16d48b24c79"}
,"C:\\Users\\larry\\OneDrive\\Área de Trabalho\\testes\\src\\models\\Reserva.js": {"path":"C:\\Users\\larry\\OneDrive\\Área de Trabalho\\testes\\src\\models\\Reserva.js","statementMap":{"0":{"start":{"line":6,"column":18},"end":{"line":6,"column":35}},"1":{"start":{"line":7,"column":21},"end":{"line":7,"column":41}},"2":{"start":{"line":11,"column":4},"end":{"line":11,"column":17}},"3":{"start":{"line":12,"column":4},"end":{"line":12,"column":33}},"4":{"start":{"line":13,"column":4},"end":{"line":13,"column":27}},"5":{"start":{"line":14,"column":4},"end":{"line":14,"column":21}},"6":{"start":{"line":15,"column":4},"end":{"line":15,"column":35}},"7":{"start":{"line":16,"column":4},"end":{"line":16,"column":29}},"8":{"start":{"line":17,"column":4},"end":{"line":17,"column":25}},"9":{"start":{"line":22,"column":15},"end":{"line":22,"column":17}},"10":{"start":{"line":23,"column":13},"end":{"line":23,"column":14}},"11":{"start":{"line":25,"column":21},"end":{"line":202,"column":1}},"12":{"start":{"line":31,"column":20},"end":{"line":31,"column":56}},"13":{"start":{"line":32,"column":4},"end":{"line":34,"column":5}},"14":{"start":{"line":33,"column":6},"end":{"line":33,"column":48}},"15":{"start":{"line":37,"column":17},"end":{"line":37,"column":47}},"16":{"start":{"line":38,"column":4},"end":{"line":40,"column":5}},"17":{"start":{"line":39,"column":6},"end":{"line":39,"column":45}},"18":{"start":{"line":43,"column":4},"end":{"line":45,"column":5}},"19":{"start":{"line":44,"column":6},"end":{"line":44,"column":61}},"20":{"start":{"line":48,"column":4},"end":{"line":50,"column":5}},"21":{"start":{"line":49,"column":6},"end":{"line":49,"column":75}},"22":{"start":{"line":53,"column":24},"end":{"line":53,"column":61}},"23":{"start":{"line":54,"column":18},"end":{"line":54,"column":28}},"24":{"start":{"line":55,"column":4},"end":{"line":57,"column":5}},"25":{"start":{"line":56,"column":6},"end":{"line":56,"column":66}},"26":{"start":{"line":60,"column":31},"end":{"line":67,"column":5}},"27":{"start":{"line":62,"column":8},"end":{"line":66,"column":67}},"28":{"start":{"line":69,"column":4},"end":{"line":71,"column":5}},"29":{"start":{"line":70,"column":6},"end":{"line":70,"column":76}},"30":{"start":{"line":73,"column":24},"end":{"line":73,"column":103}},"31":{"start":{"line":74,"column":4},"end":{"line":74,"column":31}},"32":{"start":{"line":75,"column":4},"end":{"line":75,"column":23}},"33":{"start":{"line":82,"column":4},"end":{"line":82,"column":20}},"34":{"start":{"line":89,"column":4},"end":{"line":89,"column":55}},"35":{"start":{"line":89,"column":32},"end":{"line":89,"column":53}},"36":{"start":{"line":96,"column":4},"end":{"line":96,"column":86}},"37":{"start":{"line":96,"column":34},"end":{"line":96,"column":84}},"38":{"start":{"line":103,"column":4},"end":{"line":103,"column":73}},"39":{"start":{"line":103,"column":34},"end":{"line":103,"column":71}},"40":{"start":{"line":110,"column":20},"end":{"line":110,"column":40}},"41":{"start":{"line":111,"column":4},"end":{"line":113,"column":5}},"42":{"start":{"line":112,"column":6},"end":{"line":112,"column":48}},"43":{"start":{"line":116,"column":27},"end":{"line":116,"column":67}},"44":{"start":{"line":117,"column":24},"end":{"line":117,"column":58}},"45":{"start":{"line":118,"column":21},"end":{"line":118,"column":47}},"46":{"start":{"line":121,"column":4},"end":{"line":123,"column":5}},"47":{"start":{"line":122,"column":6},"end":{"line":122,"column":75}},"48":{"start":{"line":126,"column":31},"end":{"line":134,"column":5}},"49":{"start":{"line":128,"column":8},"end":{"line":133,"column":73}},"50":{"start":{"line":136,"column":4},"end":{"line":138,"column":5}},"51":{"start":{"line":137,"column":6},"end":{"line":137,"column":76}},"52":{"start":{"line":141,"column":4},"end":{"line":141,"column":46}},"53":{"start":{"line":141,"column":20},"end":{"line":141,"column":46}},"54":{"start":{"line":142,"column":4},"end":{"line":142,"column":67}},"55":{"start":{"line":142,"column":27},"end":{"line":142,"column":67}},"56":{"start":{"line":143,"column":4},"end":{"line":143,"column":58}},"57":{"start":{"line":143,"column":24},"end":{"line":143,"column":58}},"58":{"start":{"line":144,"column":4},"end":{"line":144,"column":52}},"59":{"start":{"line":144,"column":22},"end":{"line":144,"column":52}},"60":{"start":{"line":146,"column":4},"end":{"line":146,"column":19}},"61":{"start":{"line":153,"column":20},"end":{"line":153,"column":40}},"62":{"start":{"line":154,"column":4},"end":{"line":156,"column":5}},"63":{"start":{"line":155,"column":6},"end":{"line":155,"column":48}},"64":{"start":{"line":159,"column":27},"end":{"line":159,"column":80}},"65":{"start":{"line":160,"column":18},"end":{"line":160,"column":28}},"66":{"start":{"line":162,"column":4},"end":{"line":164,"column":5}},"67":{"start":{"line":163,"column":6},"end":{"line":163,"column":82}},"68":{"start":{"line":166,"column":18},"end":{"line":166,"column":66}},"69":{"start":{"line":166,"column":44},"end":{"line":166,"column":65}},"70":{"start":{"line":167,"column":4},"end":{"line":167,"column":30}},"71":{"start":{"line":168,"column":4},"end":{"line":168,"column":19}},"72":{"start":{"line":175,"column":23},"end":{"line":175,"column":46}},"73":{"start":{"line":176,"column":24},"end":{"line":176,"column":70}},"74":{"start":{"line":176,"column":49},"end":{"line":176,"column":69}},"75":{"start":{"line":178,"column":29},"end":{"line":190,"column":6}},"76":{"start":{"line":180,"column":23},"end":{"line":187,"column":7}},"77":{"start":{"line":182,"column":10},"end":{"line":186,"column":69}},"78":{"start":{"line":189,"column":6},"end":{"line":189,"column":23}},"79":{"start":{"line":192,"column":4},"end":{"line":192,"column":28}},"80":{"start":{"line":199,"column":4},"end":{"line":199,"column":18}},"81":{"start":{"line":200,"column":4},"end":{"line":200,"column":15}},"82":{"start":{"line":204,"column":0},"end":{"line":204,"column":30}}},"fnMap":{"0":{"name":"(anonymous_0)","decl":{"start":{"line":10,"column":2},"end":{"line":10,"column":3}},"loc":{"start":{"line":10,"column":76},"end":{"line":18,"column":3}},"line":10},"1":{"name":"(anonymous_1)","decl":{"start":{"line":29,"column":2},"end":{"line":29,"column":3}},"loc":{"start":{"line":29,"column":66},"end":{"line":76,"column":3}},"line":29},"2":{"name":"(anonymous_2)","decl":{"start":{"line":61,"column":6},"end":{"line":61,"column":7}},"loc":{"start":{"line":62,"column":8},"end":{"line":66,"column":67}},"line":62},"3":{"name":"(anonymous_3)","decl":{"start":{"line":81,"column":2},"end":{"line":81,"column":3}},"loc":{"start":{"line":81,"column":16},"end":{"line":83,"column":3}},"line":81},"4":{"name":"(anonymous_4)","decl":{"start":{"line":88,"column":2},"end":{"line":88,"column":3}},"loc":{"start":{"line":88,"column":18},"end":{"line":90,"column":3}},"line":88},"5":{"name":"(anonymous_5)","decl":{"start":{"line":89,"column":25},"end":{"line":89,"column":26}},"loc":{"start":{"line":89,"column":32},"end":{"line":89,"column":53}},"line":89},"6":{"name":"(anonymous_6)","decl":{"start":{"line":95,"column":2},"end":{"line":95,"column":3}},"loc":{"start":{"line":95,"column":36},"end":{"line":97,"column":3}},"line":95},"7":{"name":"(anonymous_7)","decl":{"start":{"line":96,"column":27},"end":{"line":96,"column":28}},"loc":{"start":{"line":96,"column":34},"end":{"line":96,"column":84}},"line":96},"8":{"name":"(anonymous_8)","decl":{"start":{"line":102,"column":2},"end":{"line":102,"column":3}},"loc":{"start":{"line":102,"column":31},"end":{"line":104,"column":3}},"line":102},"9":{"name":"(anonymous_9)","decl":{"start":{"line":103,"column":27},"end":{"line":103,"column":28}},"loc":{"start":{"line":103,"column":34},"end":{"line":103,"column":71}},"line":103},"10":{"name":"(anonymous_10)","decl":{"start":{"line":109,"column":2},"end":{"line":109,"column":3}},"loc":{"start":{"line":109,"column":23},"end":{"line":147,"column":3}},"line":109},"11":{"name":"(anonymous_11)","decl":{"start":{"line":127,"column":6},"end":{"line":127,"column":7}},"loc":{"start":{"line":128,"column":8},"end":{"line":133,"column":73}},"line":128},"12":{"name":"(anonymous_12)","decl":{"start":{"line":152,"column":2},"end":{"line":152,"column":3}},"loc":{"start":{"line":152,"column":14},"end":{"line":169,"column":3}},"line":152},"13":{"name":"(anonymous_13)","decl":{"start":{"line":166,"column":37},"end":{"line":166,"column":38}},"loc":{"start":{"line":166,"column":44},"end":{"line":166,"column":65}},"line":166},"14":{"name":"(anonymous_14)","decl":{"start":{"line":174,"column":2},"end":{"line":174,"column":3}},"loc":{"start":{"line":174,"column":54},"end":{"line":193,"column":3}},"line":174},"15":{"name":"(anonymous_15)","decl":{"start":{"line":176,"column":42},"end":{"line":176,"column":43}},"loc":{"start":{"line":176,"column":49},"end":{"line":176,"column":69}},"line":176},"16":{"name":"(anonymous_16)","decl":{"start":{"line":178,"column":48},"end":{"line":178,"column":49}},"loc":{"start":{"line":178,"column":58},"end":{"line":190,"column":5}},"line":178},"17":{"name":"(anonymous_17)","decl":{"start":{"line":181,"column":8},"end":{"line":181,"column":9}},"loc":{"start":{"line":182,"column":10},"end":{"line":186,"column":69}},"line":182},"18":{"name":"(anonymous_18)","decl":{"start":{"line":198,"column":2},"end":{"line":198,"column":3}},"loc":{"start":{"line":198,"column":12},"end":{"line":201,"column":3}},"line":198}},"branchMap":{"0":{"loc":{"start":{"line":32,"column":4},"end":{"line":34,"column":5}},"type":"if","locations":[{"start":{"line":32,"column":4},"end":{"line":34,"column":5}},{"start":{},"end":{}}],"line":32},"1":{"loc":{"start":{"line":38,"column":4},"end":{"line":40,"column":5}},"type":"if","locations":[{"start":{"line":38,"column":4},"end":{"line":40,"column":5}},{"start":{},"end":{}}],"line":38},"2":{"loc":{"start":{"line":43,"column":4},"end":{"line":45,"column":5}},"type":"if","locations":[{"start":{"line":43,"column":4},"end":{"line":45,"column":5}},{"start":{},"end":{}}],"line":43},"3":{"loc":{"start":{"line":48,"column":4},"end":{"line":50,"column":5}},"type":"if","locations":[{"start":{"line":48,"column":4},"end":{"line":50,"column":5}},{"start":{},"end":{}}],"line":48},"4":{"loc":{"start":{"line":55,"column":4},"end":{"line":57,"column":5}},"type":"if","locations":[{"start":{"line":55,"column":4},"end":{"line":57,"column":5}},{"start":{},"end":{}}],"line":55},"5":{"loc":{"start":{"line":62,"column":8},"end":{"line":66,"column":67}},"type":"binary-expr","locations":[{"start":{"line":62,"column":8},"end":{"line":62,"column":29}},{"start":{"line":63,"column":8},"end":{"line":63,"column":23}},{"start":{"line":64,"column":10},"end":{"line":64,"column":38}},{"start":{"line":64,"column":42},"end":{"line":64,"column":66}},{"start":{"line":65,"column":11},"end":{"line":65,"column":35}},{"start":{"line":65,"column":39},"end":{"line":65,"column":61}},{"start":{"line":66,"column":11},"end":{"line":66,"column":39}},{"start":{"line":66,"column":43},"end":{"line":66,"column":65}}],"line":62},"6":{"loc":{"start":{"line":69,"column":4},"end":{"line":71,"column":5}},"type":"if","locations":[{"start":{"line":69,"column":4},"end":{"line":71,"column":5}},{"start":{},"end":{}}],"line":69},"7":{"loc":{"start":{"line":96,"column":34},"end":{"line":96,"column":84}},"type":"binary-expr","locations":[{"start":{"line":96,"column":34},"end":{"line":96,"column":65}},{"start":{"line":96,"column":69},"end":{"line":96,"column":84}}],"line":96},"8":{"loc":{"start":{"line":111,"column":4},"end":{"line":113,"column":5}},"type":"if","locations":[{"start":{"line":111,"column":4},"end":{"line":113,"column":5}},{"start":{},"end":{}}],"line":111},"9":{"loc":{"start":{"line":116,"column":27},"end":{"line":116,"column":67}},"type":"binary-expr","locations":[{"start":{"line":116,"column":27},"end":{"line":116,"column":44}},{"start":{"line":116,"column":48},"end":{"line":116,"column":67}}],"line":116},"10":{"loc":{"start":{"line":117,"column":24},"end":{"line":117,"column":58}},"type":"binary-expr","locations":[{"start":{"line":117,"column":24},"end":{"line":117,"column":38}},{"start":{"line":117,"column":42},"end":{"line":117,"column":58}}],"line":117},"11":{"loc":{"start":{"line":118,"column":21},"end":{"line":118,"column":47}},"type":"binary-expr","locations":[{"start":{"line":118,"column":21},"end":{"line":118,"column":31}},{"start":{"line":118,"column":35},"end":{"line":118,"column":47}}],"line":118},"12":{"loc":{"start":{"line":121,"column":4},"end":{"line":123,"column":5}},"type":"if","locations":[{"start":{"line":121,"column":4},"end":{"line":123,"column":5}},{"start":{},"end":{}}],"line":121},"13":{"loc":{"start":{"line":128,"column":8},"end":{"line":133,"column":73}},"type":"binary-expr","locations":[{"start":{"line":128,"column":8},"end":{"line":128,"column":29}},{"start":{"line":129,"column":8},"end":{"line":129,"column":37}},{"start":{"line":130,"column":8},"end":{"line":130,"column":27}},{"start":{"line":131,"column":10},"end":{"line":131,"column":41}},{"start":{"line":131,"column":45},"end":{"line":131,"column":72}},{"start":{"line":132,"column":11},"end":{"line":132,"column":38}},{"start":{"line":132,"column":42},"end":{"line":132,"column":67}},{"start":{"line":133,"column":11},"end":{"line":133,"column":42}},{"start":{"line":133,"column":46},"end":{"line":133,"column":71}}],"line":128},"14":{"loc":{"start":{"line":136,"column":4},"end":{"line":138,"column":5}},"type":"if","locations":[{"start":{"line":136,"column":4},"end":{"line":138,"column":5}},{"start":{},"end":{}}],"line":136},"15":{"loc":{"start":{"line":141,"column":4},"end":{"line":141,"column":46}},"type":"if","locations":[{"start":{"line":141,"column":4},"end":{"line":141,"column":46}},{"start":{},"end":{}}],"line":141},"16":{"loc":{"start":{"line":142,"column":4},"end":{"line":142,"column":67}},"type":"if","locations":[{"start":{"line":142,"column":4},"end":{"line":142,"column":67}},{"start":{},"end":{}}],"line":142},"17":{"loc":{"start":{"line":143,"column":4},"end":{"line":143,"column":58}},"type":"if","locations":[{"start":{"line":143,"column":4},"end":{"line":143,"column":58}},{"start":{},"end":{}}],"line":143},"18":{"loc":{"start":{"line":144,"column":4},"end":{"line":144,"column":52}},"type":"if","locations":[{"start":{"line":144,"column":4},"end":{"line":144,"column":52}},{"start":{},"end":{}}],"line":144},"19":{"loc":{"start":{"line":154,"column":4},"end":{"line":156,"column":5}},"type":"if","locations":[{"start":{"line":154,"column":4},"end":{"line":156,"column":5}},{"start":{},"end":{}}],"line":154},"20":{"loc":{"start":{"line":162,"column":4},"end":{"line":164,"column":5}},"type":"if","locations":[{"start":{"line":162,"column":4},"end":{"line":164,"column":5}},{"start":{},"end":{}}],"line":162},"21":{"loc":{"start":{"line":182,"column":10},"end":{"line":186,"column":69}},"type":"binary-expr","locations":[{"start":{"line":182,"column":10},"end":{"line":182,"column":31}},{"start":{"line":183,"column":10},"end":{"line":183,"column":25}},{"start":{"line":184,"column":12},"end":{"line":184,"column":40}},{"start":{"line":184,"column":44},"end":{"line":184,"column":68}},{"start":{"line":185,"column":13},"end":{"line":185,"column":37}},{"start":{"line":185,"column":41},"end":{"line":185,"column":63}},{"start":{"line":186,"column":13},"end":{"line":186,"column":41}},{"start":{"line":186,"column":45},"end":{"line":186,"column":67}}],"line":182}},"s":{"0":4,"1":4,"2":19,"3":19,"4":19,"5":19,"6":19,"7":19,"8":19,"9":4,"10":4,"11":4,"12":23,"13":23,"14":0,"15":23,"16":23,"17":0,"18":23,"19":1,"20":22,"21":1,"22":21,"23":21,"24":21,"25":1,"26":20,"27":12,"28":20,"29":1,"30":19,"31":19,"32":19,"33":2,"34":6,"35":6,"36":1,"37":3,"38":1,"39":3,"40":2,"41":2,"42":0,"43":2,"44":2,"45":2,"46":2,"47":0,"48":2,"49":2,"50":2,"51":1,"52":1,"53":0,"54":1,"55":1,"56":1,"57":1,"58":1,"59":1,"60":1,"61":2,"62":2,"63":0,"64":2,"65":2,"66":2,"67":1,"68":1,"69":1,"70":1,"71":1,"72":3,"73":3,"74":9,"75":3,"76":9,"77":9,"78":9,"79":3,"80":20,"81":20,"82":4},"f":{"0":19,"1":23,"2":12,"3":2,"4":6,"5":6,"6":1,"7":3,"8":1,"9":3,"10":2,"11":2,"12":2,"13":1,"14":3,"15":9,"16":9,"17":9,"18":20},"b":{"0":[0,23],"1":[0,23],"2":[1,22],"3":[1,21],"4":[1,20],"5":[12,4,3,2,2,1,2,1],"6":[1,19],"7":[3,2],"8":[0,2],"9":[2,0],"10":[2,0],"11":[2,2],"12":[0,2],"13":[2,1,1,1,1,0,0,0,0],"14":[1,1],"15":[0,1],"16":[1,0],"17":[1,0],"18":[1,0],"19":[0,2],"20":[1,1],"21":[9,4,4,4,0,0,0,0]},"_coverageSchema":"1a1c01bbd47fc00a2c39e90264f33305004495a9","hash":"9dc178cba4615f9a25429a30a0cc270793970a64"}
,"C:\\Users\\larry\\OneDrive\\Área de Trabalho\\testes\\src\\models\\Sala.js": {"path":"C:\\Users\\larry\\OneDrive\\Área de Trabalho\\testes\\src\\models\\Sala.js","statementMap":{"0":{"start":{"line":8,"column":4},"end":{"line":8,"column":17}},"1":{"start":{"line":9,"column":4},"end":{"line":9,"column":21}},"2":{"start":{"line":10,"column":4},"end":{"line":10,"column":21}},"3":{"start":{"line":11,"column":4},"end":{"line":11,"column":33}},"4":{"start":{"line":12,"column":4},"end":{"line":12,"column":25}},"5":{"start":{"line":17,"column":12},"end":{"line":17,"column":14}},"6":{"start":{"line":18,"column":13},"end":{"line":18,"column":14}},"7":{"start":{"line":20,"column":18},"end":{"line":108,"column":1}},"8":{"start":{"line":31,"column":21},"end":{"line":31,"column":71}},"9":{"start":{"line":32,"column":4},"end":{"line":32,"column":25}},"10":{"start":{"line":33,"column":4},"end":{"line":33,"column":20}},"11":{"start":{"line":40,"column":4},"end":{"line":40,"column":17}},"12":{"start":{"line":47,"column":4},"end":{"line":47,"column":52}},"13":{"start":{"line":47,"column":29},"end":{"line":47,"column":50}},"14":{"start":{"line":54,"column":17},"end":{"line":54,"column":37}},"15":{"start":{"line":55,"column":4},"end":{"line":57,"column":5}},"16":{"start":{"line":56,"column":6},"end":{"line":56,"column":45}},"17":{"start":{"line":60,"column":4},"end":{"line":67,"column":5}},"18":{"start":{"line":61,"column":28},"end":{"line":63,"column":7}},"19":{"start":{"line":62,"column":15},"end":{"line":62,"column":89}},"20":{"start":{"line":64,"column":6},"end":{"line":66,"column":7}},"21":{"start":{"line":65,"column":8},"end":{"line":65,"column":60}},"22":{"start":{"line":70,"column":4},"end":{"line":70,"column":43}},"23":{"start":{"line":70,"column":20},"end":{"line":70,"column":43}},"24":{"start":{"line":71,"column":4},"end":{"line":71,"column":43}},"25":{"start":{"line":71,"column":20},"end":{"line":71,"column":43}},"26":{"start":{"line":73,"column":4},"end":{"line":73,"column":61}},"27":{"start":{"line":73,"column":26},"end":{"line":73,"column":61}},"28":{"start":{"line":74,"column":4},"end":{"line":74,"column":49}},"29":{"start":{"line":74,"column":22},"end":{"line":74,"column":49}},"30":{"start":{"line":76,"column":4},"end":{"line":76,"column":16}},"31":{"start":{"line":83,"column":18},"end":{"line":83,"column":63}},"32":{"start":{"line":83,"column":41},"end":{"line":83,"column":62}},"33":{"start":{"line":84,"column":4},"end":{"line":86,"column":5}},"34":{"start":{"line":85,"column":6},"end":{"line":85,"column":45}},"35":{"start":{"line":88,"column":17},"end":{"line":88,"column":29}},"36":{"start":{"line":89,"column":4},"end":{"line":89,"column":27}},"37":{"start":{"line":90,"column":4},"end":{"line":90,"column":16}},"38":{"start":{"line":97,"column":17},"end":{"line":97,"column":37}},"39":{"start":{"line":98,"column":4},"end":{"line":98,"column":43}},"40":{"start":{"line":105,"column":4},"end":{"line":105,"column":15}},"41":{"start":{"line":106,"column":4},"end":{"line":106,"column":15}},"42":{"start":{"line":110,"column":0},"end":{"line":110,"column":27}}},"fnMap":{"0":{"name":"(anonymous_0)","decl":{"start":{"line":7,"column":2},"end":{"line":7,"column":3}},"loc":{"start":{"line":7,"column":60},"end":{"line":13,"column":3}},"line":7},"1":{"name":"(anonymous_1)","decl":{"start":{"line":24,"column":2},"end":{"line":24,"column":3}},"loc":{"start":{"line":24,"column":50},"end":{"line":34,"column":3}},"line":24},"2":{"name":"(anonymous_2)","decl":{"start":{"line":39,"column":2},"end":{"line":39,"column":3}},"loc":{"start":{"line":39,"column":16},"end":{"line":41,"column":3}},"line":39},"3":{"name":"(anonymous_3)","decl":{"start":{"line":46,"column":2},"end":{"line":46,"column":3}},"loc":{"start":{"line":46,"column":18},"end":{"line":48,"column":3}},"line":46},"4":{"name":"(anonymous_4)","decl":{"start":{"line":47,"column":22},"end":{"line":47,"column":23}},"loc":{"start":{"line":47,"column":29},"end":{"line":47,"column":50}},"line":47},"5":{"name":"(anonymous_5)","decl":{"start":{"line":53,"column":2},"end":{"line":53,"column":3}},"loc":{"start":{"line":53,"column":23},"end":{"line":77,"column":3}},"line":53},"6":{"name":"(anonymous_6)","decl":{"start":{"line":62,"column":8},"end":{"line":62,"column":9}},"loc":{"start":{"line":62,"column":15},"end":{"line":62,"column":89}},"line":62},"7":{"name":"(anonymous_7)","decl":{"start":{"line":82,"column":2},"end":{"line":82,"column":3}},"loc":{"start":{"line":82,"column":14},"end":{"line":91,"column":3}},"line":82},"8":{"name":"(anonymous_8)","decl":{"start":{"line":83,"column":34},"end":{"line":83,"column":35}},"loc":{"start":{"line":83,"column":41},"end":{"line":83,"column":62}},"line":83},"9":{"name":"(anonymous_9)","decl":{"start":{"line":96,"column":2},"end":{"line":96,"column":3}},"loc":{"start":{"line":96,"column":16},"end":{"line":99,"column":3}},"line":96},"10":{"name":"(anonymous_10)","decl":{"start":{"line":104,"column":2},"end":{"line":104,"column":3}},"loc":{"start":{"line":104,"column":12},"end":{"line":107,"column":3}},"line":104}},"branchMap":{"0":{"loc":{"start":{"line":7,"column":42},"end":{"line":7,"column":58}},"type":"default-arg","locations":[{"start":{"line":7,"column":51},"end":{"line":7,"column":58}}],"line":7},"1":{"loc":{"start":{"line":24,"column":32},"end":{"line":24,"column":48}},"type":"default-arg","locations":[{"start":{"line":24,"column":41},"end":{"line":24,"column":48}}],"line":24},"2":{"loc":{"start":{"line":55,"column":4},"end":{"line":57,"column":5}},"type":"if","locations":[{"start":{"line":55,"column":4},"end":{"line":57,"column":5}},{"start":{},"end":{}}],"line":55},"3":{"loc":{"start":{"line":60,"column":4},"end":{"line":67,"column":5}},"type":"if","locations":[{"start":{"line":60,"column":4},"end":{"line":67,"column":5}},{"start":{},"end":{}}],"line":60},"4":{"loc":{"start":{"line":60,"column":8},"end":{"line":60,"column":46}},"type":"binary-expr","locations":[{"start":{"line":60,"column":8},"end":{"line":60,"column":18}},{"start":{"line":60,"column":22},"end":{"line":60,"column":46}}],"line":60},"5":{"loc":{"start":{"line":62,"column":15},"end":{"line":62,"column":89}},"type":"binary-expr","locations":[{"start":{"line":62,"column":15},"end":{"line":62,"column":64}},{"start":{"line":62,"column":68},"end":{"line":62,"column":89}}],"line":62},"6":{"loc":{"start":{"line":64,"column":6},"end":{"line":66,"column":7}},"type":"if","locations":[{"start":{"line":64,"column":6},"end":{"line":66,"column":7}},{"start":{},"end":{}}],"line":64},"7":{"loc":{"start":{"line":70,"column":4},"end":{"line":70,"column":43}},"type":"if","locations":[{"start":{"line":70,"column":4},"end":{"line":70,"column":43}},{"start":{},"end":{}}],"line":70},"8":{"loc":{"start":{"line":71,"column":4},"end":{"line":71,"column":43}},"type":"if","locations":[{"start":{"line":71,"column":4},"end":{"line":71,"column":43}},{"start":{},"end":{}}],"line":71},"9":{"loc":{"start":{"line":73,"column":4},"end":{"line":73,"column":61}},"type":"if","locations":[{"start":{"line":73,"column":4},"end":{"line":73,"column":61}},{"start":{},"end":{}}],"line":73},"10":{"loc":{"start":{"line":74,"column":4},"end":{"line":74,"column":49}},"type":"if","locations":[{"start":{"line":74,"column":4},"end":{"line":74,"column":49}},{"start":{},"end":{}}],"line":74},"11":{"loc":{"start":{"line":84,"column":4},"end":{"line":86,"column":5}},"type":"if","locations":[{"start":{"line":84,"column":4},"end":{"line":86,"column":5}},{"start":{},"end":{}}],"line":84},"12":{"loc":{"start":{"line":98,"column":11},"end":{"line":98,"column":42}},"type":"binary-expr","locations":[{"start":{"line":98,"column":11},"end":{"line":98,"column":15}},{"start":{"line":98,"column":19},"end":{"line":98,"column":42}}],"line":98}},"s":{"0":58,"1":58,"2":58,"3":58,"4":58,"5":4,"6":4,"7":4,"8":58,"9":58,"10":58,"11":4,"12":51,"13":72,"14":2,"15":2,"16":0,"17":2,"18":1,"19":1,"20":1,"21":1,"22":1,"23":0,"24":1,"25":1,"26":1,"27":1,"28":1,"29":0,"30":1,"31":2,"32":1,"33":2,"34":1,"35":1,"36":1,"37":1,"38":23,"39":23,"40":32,"41":32,"42":4},"f":{"0":58,"1":58,"2":4,"3":51,"4":72,"5":2,"6":1,"7":2,"8":1,"9":23,"10":32},"b":{"0":[0],"1":[0],"2":[0,2],"3":[1,1],"4":[2,1],"5":[1,1],"6":[1,0],"7":[0,1],"8":[1,0],"9":[1,0],"10":[0,1],"11":[1,1],"12":[23,23]},"_coverageSchema":"1a1c01bbd47fc00a2c39e90264f33305004495a9","hash":"a12b9f1318592afcf18f91f5a77237065013f4b4"}
,"C:\\Users\\larry\\OneDrive\\Área de Trabalho\\testes\\src\\models\\Usuario.js": {"path":"C:\\Users\\larry\\OneDrive\\Área de Trabalho\\testes\\src\\models\\Usuario.js","statementMap":{"0":{"start":{"line":8,"column":4},"end":{"line":8,"column":17}},"1":{"start":{"line":9,"column":4},"end":{"line":9,"column":21}},"2":{"start":{"line":10,"column":4},"end":{"line":10,"column":23}},"3":{"start":{"line":15,"column":15},"end":{"line":15,"column":17}},"4":{"start":{"line":16,"column":13},"end":{"line":16,"column":14}},"5":{"start":{"line":18,"column":21},"end":{"line":106,"column":1}},"6":{"start":{"line":24,"column":29},"end":{"line":24,"column":96}},"7":{"start":{"line":24,"column":50},"end":{"line":24,"column":95}},"8":{"start":{"line":25,"column":4},"end":{"line":27,"column":5}},"9":{"start":{"line":26,"column":6},"end":{"line":26,"column":61}},"10":{"start":{"line":30,"column":23},"end":{"line":30,"column":51}},"11":{"start":{"line":31,"column":4},"end":{"line":33,"column":5}},"12":{"start":{"line":32,"column":6},"end":{"line":32,"column":40}},"13":{"start":{"line":35,"column":24},"end":{"line":35,"column":58}},"14":{"start":{"line":36,"column":4},"end":{"line":36,"column":31}},"15":{"start":{"line":37,"column":4},"end":{"line":37,"column":23}},"16":{"start":{"line":44,"column":4},"end":{"line":44,"column":20}},"17":{"start":{"line":51,"column":4},"end":{"line":51,"column":55}},"18":{"start":{"line":51,"column":32},"end":{"line":51,"column":53}},"19":{"start":{"line":58,"column":20},"end":{"line":58,"column":40}},"20":{"start":{"line":59,"column":4},"end":{"line":61,"column":5}},"21":{"start":{"line":60,"column":6},"end":{"line":60,"column":48}},"22":{"start":{"line":64,"column":4},"end":{"line":76,"column":5}},"23":{"start":{"line":65,"column":25},"end":{"line":65,"column":53}},"24":{"start":{"line":66,"column":6},"end":{"line":68,"column":7}},"25":{"start":{"line":67,"column":8},"end":{"line":67,"column":42}},"26":{"start":{"line":70,"column":31},"end":{"line":72,"column":7}},"27":{"start":{"line":71,"column":15},"end":{"line":71,"column":91}},"28":{"start":{"line":73,"column":6},"end":{"line":75,"column":7}},"29":{"start":{"line":74,"column":8},"end":{"line":74,"column":63}},"30":{"start":{"line":79,"column":4},"end":{"line":79,"column":46}},"31":{"start":{"line":79,"column":20},"end":{"line":79,"column":46}},"32":{"start":{"line":80,"column":4},"end":{"line":80,"column":49}},"33":{"start":{"line":80,"column":21},"end":{"line":80,"column":49}},"34":{"start":{"line":82,"column":4},"end":{"line":82,"column":19}},"35":{"start":{"line":89,"column":18},"end":{"line":89,"column":66}},"36":{"start":{"line":89,"column":44},"end":{"line":89,"column":65}},"37":{"start":{"line":90,"column":4},"end":{"line":92,"column":5}},"38":{"start":{"line":91,"column":6},"end":{"line":91,"column":48}},"39":{"start":{"line":94,"column":20},"end":{"line":94,"column":35}},"40":{"start":{"line":95,"column":4},"end":{"line":95,"column":30}},"41":{"start":{"line":96,"column":4},"end":{"line":96,"column":19}},"42":{"start":{"line":103,"column":4},"end":{"line":103,"column":18}},"43":{"start":{"line":104,"column":4},"end":{"line":104,"column":15}},"44":{"start":{"line":108,"column":0},"end":{"line":108,"column":30}}},"fnMap":{"0":{"name":"(anonymous_0)","decl":{"start":{"line":7,"column":2},"end":{"line":7,"column":3}},"loc":{"start":{"line":7,"column":31},"end":{"line":11,"column":3}},"line":7},"1":{"name":"(anonymous_1)","decl":{"start":{"line":22,"column":2},"end":{"line":22,"column":3}},"loc":{"start":{"line":22,"column":21},"end":{"line":38,"column":3}},"line":22},"2":{"name":"(anonymous_2)","decl":{"start":{"line":24,"column":43},"end":{"line":24,"column":44}},"loc":{"start":{"line":24,"column":50},"end":{"line":24,"column":95}},"line":24},"3":{"name":"(anonymous_3)","decl":{"start":{"line":43,"column":2},"end":{"line":43,"column":3}},"loc":{"start":{"line":43,"column":16},"end":{"line":45,"column":3}},"line":43},"4":{"name":"(anonymous_4)","decl":{"start":{"line":50,"column":2},"end":{"line":50,"column":3}},"loc":{"start":{"line":50,"column":18},"end":{"line":52,"column":3}},"line":50},"5":{"name":"(anonymous_5)","decl":{"start":{"line":51,"column":25},"end":{"line":51,"column":26}},"loc":{"start":{"line":51,"column":32},"end":{"line":51,"column":53}},"line":51},"6":{"name":"(anonymous_6)","decl":{"start":{"line":57,"column":2},"end":{"line":57,"column":3}},"loc":{"start":{"line":57,"column":23},"end":{"line":83,"column":3}},"line":57},"7":{"name":"(anonymous_7)","decl":{"start":{"line":71,"column":8},"end":{"line":71,"column":9}},"loc":{"start":{"line":71,"column":15},"end":{"line":71,"column":91}},"line":71},"8":{"name":"(anonymous_8)","decl":{"start":{"line":88,"column":2},"end":{"line":88,"column":3}},"loc":{"start":{"line":88,"column":14},"end":{"line":97,"column":3}},"line":88},"9":{"name":"(anonymous_9)","decl":{"start":{"line":89,"column":37},"end":{"line":89,"column":38}},"loc":{"start":{"line":89,"column":44},"end":{"line":89,"column":65}},"line":89},"10":{"name":"(anonymous_10)","decl":{"start":{"line":102,"column":2},"end":{"line":102,"column":3}},"loc":{"start":{"line":102,"column":12},"end":{"line":105,"column":3}},"line":102}},"branchMap":{"0":{"loc":{"start":{"line":25,"column":4},"end":{"line":27,"column":5}},"type":"if","locations":[{"start":{"line":25,"column":4},"end":{"line":27,"column":5}},{"start":{},"end":{}}],"line":25},"1":{"loc":{"start":{"line":31,"column":4},"end":{"line":33,"column":5}},"type":"if","locations":[{"start":{"line":31,"column":4},"end":{"line":33,"column":5}},{"start":{},"end":{}}],"line":31},"2":{"loc":{"start":{"line":59,"column":4},"end":{"line":61,"column":5}},"type":"if","locations":[{"start":{"line":59,"column":4},"end":{"line":61,"column":5}},{"start":{},"end":{}}],"line":59},"3":{"loc":{"start":{"line":64,"column":4},"end":{"line":76,"column":5}},"type":"if","locations":[{"start":{"line":64,"column":4},"end":{"line":76,"column":5}},{"start":{},"end":{}}],"line":64},"4":{"loc":{"start":{"line":64,"column":8},"end":{"line":64,"column":52}},"type":"binary-expr","locations":[{"start":{"line":64,"column":8},"end":{"line":64,"column":19}},{"start":{"line":64,"column":23},"end":{"line":64,"column":52}}],"line":64},"5":{"loc":{"start":{"line":66,"column":6},"end":{"line":68,"column":7}},"type":"if","locations":[{"start":{"line":66,"column":6},"end":{"line":68,"column":7}},{"start":{},"end":{}}],"line":66},"6":{"loc":{"start":{"line":71,"column":15},"end":{"line":71,"column":91}},"type":"binary-expr","locations":[{"start":{"line":71,"column":15},"end":{"line":71,"column":66}},{"start":{"line":71,"column":70},"end":{"line":71,"column":91}}],"line":71},"7":{"loc":{"start":{"line":73,"column":6},"end":{"line":75,"column":7}},"type":"if","locations":[{"start":{"line":73,"column":6},"end":{"line":75,"column":7}},{"start":{},"end":{}}],"line":73},"8":{"loc":{"start":{"line":79,"column":4},"end":{"line":79,"column":46}},"type":"if","locations":[{"start":{"line":79,"column":4},"end":{"line":79,"column":46}},{"start":{},"end":{}}],"line":79},"9":{"loc":{"start":{"line":80,"column":4},"end":{"line":80,"column":49}},"type":"if","locations":[{"start":{"line":80,"column":4},"end":{"line":80,"column":49}},{"start":{},"end":{}}],"line":80},"10":{"loc":{"start":{"line":90,"column":4},"end":{"line":92,"column":5}},"type":"if","locations":[{"start":{"line":90,"column":4},"end":{"line":92,"column":5}},{"start":{},"end":{}}],"line":90}},"s":{"0":41,"1":41,"2":41,"3":4,"4":4,"5":4,"6":42,"7":15,"8":42,"9":1,"10":41,"11":41,"12":0,"13":41,"14":41,"15":41,"16":1,"17":28,"18":33,"19":2,"20":2,"21":0,"22":2,"23":2,"24":2,"25":0,"26":2,"27":2,"28":2,"29":1,"30":1,"31":1,"32":1,"33":1,"34":1,"35":1,"36":1,"37":1,"38":0,"39":1,"40":1,"41":1,"42":29,"43":29,"44":4},"f":{"0":41,"1":42,"2":15,"3":1,"4":28,"5":33,"6":2,"7":2,"8":1,"9":1,"10":29},"b":{"0":[1,41],"1":[0,41],"2":[0,2],"3":[2,0],"4":[2,2],"5":[0,2],"6":[2,1],"7":[1,1],"8":[1,0],"9":[1,0],"10":[0,1]},"_coverageSchema":"1a1c01bbd47fc00a2c39e90264f33305004495a9","hash":"46bcdb99c4517aef16498b099410bf984cd92c9f"}
,"C:\\Users\\larry\\OneDrive\\Área de Trabalho\\testes\\src\\routes\\disponibilidadeRoutes.js": {"path":"C:\\Users\\larry\\OneDrive\\Área de Trabalho\\testes\\src\\routes\\disponibilidadeRoutes.js","statementMap":{"0":{"start":{"line":5,"column":16},"end":{"line":5,"column":34}},"1":{"start":{"line":6,"column":15},"end":{"line":6,"column":31}},"2":{"start":{"line":7,"column":26},"end":{"line":7,"column":69}},"3":{"start":{"line":8,"column":27},"end":{"line":8,"column":71}},"4":{"start":{"line":52,"column":0},"end":{"line":52,"column":96}},"5":{"start":{"line":54,"column":0},"end":{"line":54,"column":24}}},"fnMap":{},"branchMap":{},"s":{"0":4,"1":4,"2":4,"3":4,"4":4,"5":4},"f":{},"b":{},"_coverageSchema":"1a1c01bbd47fc00a2c39e90264f33305004495a9","hash":"6ba228c730045b199427b88a95b33d5ad2787aa3"}
,"C:\\Users\\larry\\OneDrive\\Área de Trabalho\\testes\\src\\routes\\reservaRoutes.js": {"path":"C:\\Users\\larry\\OneDrive\\Área de Trabalho\\testes\\src\\routes\\reservaRoutes.js","statementMap":{"0":{"start":{"line":5,"column":16},"end":{"line":5,"column":34}},"1":{"start":{"line":6,"column":15},"end":{"line":6,"column":31}},"2":{"start":{"line":7,"column":26},"end":{"line":7,"column":69}},"3":{"start":{"line":8,"column":27},"end":{"line":8,"column":71}},"4":{"start":{"line":69,"column":0},"end":{"line":69,"column":68}},"5":{"start":{"line":98,"column":0},"end":{"line":98,"column":47}},"6":{"start":{"line":119,"column":0},"end":{"line":119,"column":50}},"7":{"start":{"line":158,"column":0},"end":{"line":158,"column":78}},"8":{"start":{"line":181,"column":0},"end":{"line":181,"column":49}},"9":{"start":{"line":183,"column":0},"end":{"line":183,"column":24}}},"fnMap":{},"branchMap":{},"s":{"0":4,"1":4,"2":4,"3":4,"4":4,"5":4,"6":4,"7":4,"8":4,"9":4},"f":{},"b":{},"_coverageSchema":"1a1c01bbd47fc00a2c39e90264f33305004495a9","hash":"03660cc826c68392c3dd7137e5225a895cadef18"}
,"C:\\Users\\larry\\OneDrive\\Área de Trabalho\\testes\\src\\routes\\salaRoutes.js": {"path":"C:\\Users\\larry\\OneDrive\\Área de Trabalho\\testes\\src\\routes\\salaRoutes.js","statementMap":{"0":{"start":{"line":5,"column":16},"end":{"line":5,"column":34}},"1":{"start":{"line":6,"column":15},"end":{"line":6,"column":31}},"2":{"start":{"line":7,"column":23},"end":{"line":7,"column":63}},"3":{"start":{"line":8,"column":24},"end":{"line":8,"column":65}},"4":{"start":{"line":57,"column":0},"end":{"line":57,"column":62}},"5":{"start":{"line":69,"column":0},"end":{"line":69,"column":44}},"6":{"start":{"line":90,"column":0},"end":{"line":90,"column":47}},"7":{"start":{"line":129,"column":0},"end":{"line":129,"column":72}},"8":{"start":{"line":150,"column":0},"end":{"line":150,"column":46}},"9":{"start":{"line":152,"column":0},"end":{"line":152,"column":24}}},"fnMap":{},"branchMap":{},"s":{"0":4,"1":4,"2":4,"3":4,"4":4,"5":4,"6":4,"7":4,"8":4,"9":4},"f":{},"b":{},"_coverageSchema":"1a1c01bbd47fc00a2c39e90264f33305004495a9","hash":"557ea17e2414ccec0580614da9a7566c6e7cfc4e"}
,"C:\\Users\\larry\\OneDrive\\Área de Trabalho\\testes\\src\\routes\\usuarioRoutes.js": {"path":"C:\\Users\\larry\\OneDrive\\Área de Trabalho\\testes\\src\\routes\\usuarioRoutes.js","statementMap":{"0":{"start":{"line":5,"column":16},"end":{"line":5,"column":34}},"1":{"start":{"line":6,"column":15},"end":{"line":6,"column":31}},"2":{"start":{"line":7,"column":26},"end":{"line":7,"column":69}},"3":{"start":{"line":8,"column":27},"end":{"line":8,"column":71}},"4":{"start":{"line":48,"column":0},"end":{"line":48,"column":68}},"5":{"start":{"line":60,"column":0},"end":{"line":60,"column":47}},"6":{"start":{"line":81,"column":0},"end":{"line":81,"column":50}},"7":{"start":{"line":116,"column":0},"end":{"line":116,"column":78}},"8":{"start":{"line":137,"column":0},"end":{"line":137,"column":49}},"9":{"start":{"line":139,"column":0},"end":{"line":139,"column":24}}},"fnMap":{},"branchMap":{},"s":{"0":4,"1":4,"2":4,"3":4,"4":4,"5":4,"6":4,"7":4,"8":4,"9":4},"f":{},"b":{},"_coverageSchema":"1a1c01bbd47fc00a2c39e90264f33305004495a9","hash":"894a8b56546dfd84149ffbc85b6de842ddb71dad"}
}
