TN:
SF:src\config\swagger.js
FNF:0
FNH:0
DA:5,4
DA:248,4
LF:2
LH:2
BRF:0
BRH:0
end_of_record
TN:
SF:src\controllers\reservaController.js
FN:12,(anonymous_0)
FN:47,(anonymous_1)
FN:74,(anonymous_2)
FN:92,(anonymous_3)
FN:123,(anonymous_4)
FN:146,(anonymous_5)
FNF:6
FNH:6
FNDA:23,(anonymous_0)
FNDA:3,(anonymous_1)
FNDA:2,(anonymous_2)
FNDA:2,(anonymous_3)
FNDA:2,(anonymous_4)
FNDA:7,(anonymous_5)
DA:5,4
DA:6,4
DA:8,4
DA:13,23
DA:14,23
DA:15,23
DA:16,0
DA:19,23
DA:20,23
DA:22,19
DA:27,4
DA:28,0
DA:30,4
DA:31,1
DA:33,3
DA:38,3
DA:40,0
DA:48,3
DA:49,3
DA:52,3
DA:53,1
DA:54,1
DA:58,2
DA:59,1
DA:60,1
DA:64,1
DA:65,1
DA:67,0
DA:75,2
DA:76,2
DA:77,2
DA:79,2
DA:80,1
DA:83,1
DA:85,0
DA:93,2
DA:94,2
DA:95,2
DA:96,0
DA:99,2
DA:100,2
DA:102,1
DA:107,1
DA:108,0
DA:110,1
DA:111,1
DA:113,0
DA:114,0
DA:116,0
DA:124,2
DA:125,2
DA:126,2
DA:128,1
DA:133,1
DA:134,0
DA:136,1
DA:137,1
DA:139,0
DA:147,7
DA:148,7
DA:149,7
DA:150,3
DA:153,4
DA:155,4
DA:156,1
DA:159,3
DA:161,3
DA:168,0
DA:173,4
LF:69
LH:56
BRDA:15,0,0,0
BRDA:15,0,1,23
BRDA:27,1,0,0
BRDA:27,1,1,4
BRDA:27,2,0,4
BRDA:27,2,1,4
BRDA:30,3,0,1
BRDA:30,3,1,3
BRDA:33,4,0,3
BRDA:33,4,1,0
BRDA:34,5,0,3
BRDA:34,5,1,2
BRDA:34,5,2,1
BRDA:52,6,0,1
BRDA:52,6,1,2
BRDA:52,7,0,3
BRDA:52,7,1,1
BRDA:58,8,0,1
BRDA:58,8,1,1
BRDA:79,9,0,1
BRDA:79,9,1,1
BRDA:95,10,0,0
BRDA:95,10,1,2
BRDA:107,11,0,0
BRDA:107,11,1,1
BRDA:110,12,0,1
BRDA:110,12,1,0
BRDA:113,13,0,0
BRDA:113,13,1,0
BRDA:133,14,0,0
BRDA:133,14,1,1
BRDA:136,15,0,1
BRDA:136,15,1,0
BRDA:149,16,0,3
BRDA:149,16,1,4
BRDA:155,17,0,1
BRDA:155,17,1,3
BRF:37
BRH:27
end_of_record
TN:
SF:src\controllers\salaController.js
FN:12,(anonymous_0)
FN:37,(anonymous_1)
FN:49,(anonymous_2)
FN:67,(anonymous_3)
FN:95,(anonymous_4)
FNF:5
FNH:5
FNDA:14,(anonymous_0)
FNDA:1,(anonymous_1)
FNDA:3,(anonymous_2)
FNDA:2,(anonymous_3)
FNDA:2,(anonymous_4)
DA:5,4
DA:6,4
DA:8,4
DA:13,14
DA:14,14
DA:15,14
DA:16,1
DA:19,13
DA:20,13
DA:22,13
DA:27,0
DA:28,0
DA:30,0
DA:38,1
DA:39,1
DA:40,1
DA:42,0
DA:50,3
DA:51,3
DA:52,3
DA:54,3
DA:55,2
DA:58,1
DA:60,0
DA:68,2
DA:69,2
DA:70,2
DA:71,0
DA:74,2
DA:75,2
DA:77,1
DA:82,1
DA:83,0
DA:85,1
DA:86,1
DA:88,0
DA:96,2
DA:97,2
DA:98,2
DA:100,1
DA:105,1
DA:106,1
DA:108,0
DA:113,4
LF:44
LH:35
BRDA:15,0,0,1
BRDA:15,0,1,13
BRDA:27,1,0,0
BRDA:27,1,1,0
BRDA:54,2,0,2
BRDA:54,2,1,1
BRDA:70,3,0,0
BRDA:70,3,1,2
BRDA:82,4,0,0
BRDA:82,4,1,1
BRDA:85,5,0,1
BRDA:85,5,1,0
BRDA:105,6,0,1
BRDA:105,6,1,0
BRF:14
BRH:8
end_of_record
TN:
SF:src\controllers\usuarioController.js
FN:12,(anonymous_0)
FN:40,(anonymous_1)
FN:52,(anonymous_2)
FN:70,(anonymous_3)
FN:101,(anonymous_4)
FNF:5
FNH:5
FNDA:11,(anonymous_0)
FNDA:1,(anonymous_1)
FNDA:3,(anonymous_2)
FNDA:2,(anonymous_3)
FNDA:1,(anonymous_4)
DA:5,4
DA:6,4
DA:8,4
DA:13,11
DA:14,11
DA:15,11
DA:16,1
DA:19,10
DA:20,10
DA:22,9
DA:27,1
DA:28,1
DA:30,0
DA:31,0
DA:33,0
DA:41,1
DA:42,1
DA:43,1
DA:45,0
DA:53,3
DA:54,3
DA:55,3
DA:57,3
DA:58,2
DA:61,1
DA:63,0
DA:71,2
DA:72,2
DA:73,2
DA:74,0
DA:77,2
DA:78,2
DA:80,1
DA:85,1
DA:86,0
DA:88,1
DA:89,1
DA:91,0
DA:92,0
DA:94,0
DA:102,1
DA:103,1
DA:104,1
DA:106,1
DA:111,0
DA:112,0
DA:114,0
DA:119,4
LF:48
LH:35
BRDA:15,0,0,1
BRDA:15,0,1,10
BRDA:27,1,0,1
BRDA:27,1,1,0
BRDA:30,2,0,0
BRDA:30,2,1,0
BRDA:57,3,0,2
BRDA:57,3,1,1
BRDA:73,4,0,0
BRDA:73,4,1,2
BRDA:85,5,0,0
BRDA:85,5,1,1
BRDA:88,6,0,1
BRDA:88,6,1,0
BRDA:91,7,0,0
BRDA:91,7,1,0
BRDA:111,8,0,0
BRDA:111,8,1,0
BRF:18
BRH:8
end_of_record
TN:
SF:src\middlewares\reservaValidations.js
FNF:0
FNH:0
DA:5,4
DA:7,4
DA:77,4
LF:3
LH:3
BRF:0
BRH:0
end_of_record
TN:
SF:src\middlewares\salaValidations.js
FNF:0
FNH:0
DA:5,4
DA:7,4
DA:28,4
LF:3
LH:3
BRF:0
BRH:0
end_of_record
TN:
SF:src\middlewares\usuarioValidations.js
FNF:0
FNH:0
DA:5,4
DA:7,4
DA:24,4
LF:3
LH:3
BRF:0
BRH:0
end_of_record
TN:
SF:src\models\Reserva.js
FN:10,(anonymous_0)
FN:29,(anonymous_1)
FN:61,(anonymous_2)
FN:81,(anonymous_3)
FN:88,(anonymous_4)
FN:89,(anonymous_5)
FN:95,(anonymous_6)
FN:96,(anonymous_7)
FN:102,(anonymous_8)
FN:103,(anonymous_9)
FN:109,(anonymous_10)
FN:127,(anonymous_11)
FN:152,(anonymous_12)
FN:166,(anonymous_13)
FN:174,(anonymous_14)
FN:176,(anonymous_15)
FN:178,(anonymous_16)
FN:181,(anonymous_17)
FN:198,(anonymous_18)
FNF:19
FNH:19
FNDA:19,(anonymous_0)
FNDA:23,(anonymous_1)
FNDA:12,(anonymous_2)
FNDA:2,(anonymous_3)
FNDA:6,(anonymous_4)
FNDA:6,(anonymous_5)
FNDA:1,(anonymous_6)
FNDA:3,(anonymous_7)
FNDA:1,(anonymous_8)
FNDA:3,(anonymous_9)
FNDA:2,(anonymous_10)
FNDA:2,(anonymous_11)
FNDA:2,(anonymous_12)
FNDA:1,(anonymous_13)
FNDA:3,(anonymous_14)
FNDA:9,(anonymous_15)
FNDA:9,(anonymous_16)
FNDA:9,(anonymous_17)
FNDA:20,(anonymous_18)
DA:6,4
DA:7,4
DA:11,19
DA:12,19
DA:13,19
DA:14,19
DA:15,19
DA:16,19
DA:17,19
DA:22,4
DA:23,4
DA:25,4
DA:31,23
DA:32,23
DA:33,0
DA:37,23
DA:38,23
DA:39,0
DA:43,23
DA:44,1
DA:48,22
DA:49,1
DA:53,21
DA:54,21
DA:55,21
DA:56,1
DA:60,20
DA:62,12
DA:69,20
DA:70,1
DA:73,19
DA:74,19
DA:75,19
DA:82,2
DA:89,6
DA:96,3
DA:103,3
DA:110,2
DA:111,2
DA:112,0
DA:116,2
DA:117,2
DA:118,2
DA:121,2
DA:122,0
DA:126,2
DA:128,2
DA:136,2
DA:137,1
DA:141,1
DA:142,1
DA:143,1
DA:144,1
DA:146,1
DA:153,2
DA:154,2
DA:155,0
DA:159,2
DA:160,2
DA:162,2
DA:163,1
DA:166,1
DA:167,1
DA:168,1
DA:175,3
DA:176,9
DA:178,3
DA:180,9
DA:182,9
DA:189,9
DA:192,3
DA:199,20
DA:200,20
DA:204,4
LF:74
LH:69
BRDA:32,0,0,0
BRDA:32,0,1,23
BRDA:38,1,0,0
BRDA:38,1,1,23
BRDA:43,2,0,1
BRDA:43,2,1,22
BRDA:48,3,0,1
BRDA:48,3,1,21
BRDA:55,4,0,1
BRDA:55,4,1,20
BRDA:62,5,0,12
BRDA:62,5,1,4
BRDA:62,5,2,3
BRDA:62,5,3,2
BRDA:62,5,4,2
BRDA:62,5,5,1
BRDA:62,5,6,2
BRDA:62,5,7,1
BRDA:69,6,0,1
BRDA:69,6,1,19
BRDA:96,7,0,3
BRDA:96,7,1,2
BRDA:111,8,0,0
BRDA:111,8,1,2
BRDA:116,9,0,2
BRDA:116,9,1,0
BRDA:117,10,0,2
BRDA:117,10,1,0
BRDA:118,11,0,2
BRDA:118,11,1,2
BRDA:121,12,0,0
BRDA:121,12,1,2
BRDA:128,13,0,2
BRDA:128,13,1,1
BRDA:128,13,2,1
BRDA:128,13,3,1
BRDA:128,13,4,1
BRDA:128,13,5,0
BRDA:128,13,6,0
BRDA:128,13,7,0
BRDA:128,13,8,0
BRDA:136,14,0,1
BRDA:136,14,1,1
BRDA:141,15,0,0
BRDA:141,15,1,1
BRDA:142,16,0,1
BRDA:142,16,1,0
BRDA:143,17,0,1
BRDA:143,17,1,0
BRDA:144,18,0,1
BRDA:144,18,1,0
BRDA:154,19,0,0
BRDA:154,19,1,2
BRDA:162,20,0,1
BRDA:162,20,1,1
BRDA:182,21,0,9
BRDA:182,21,1,4
BRDA:182,21,2,4
BRDA:182,21,3,4
BRDA:182,21,4,0
BRDA:182,21,5,0
BRDA:182,21,6,0
BRDA:182,21,7,0
BRF:63
BRH:44
end_of_record
TN:
SF:src\models\Sala.js
FN:7,(anonymous_0)
FN:24,(anonymous_1)
FN:39,(anonymous_2)
FN:46,(anonymous_3)
FN:47,(anonymous_4)
FN:53,(anonymous_5)
FN:62,(anonymous_6)
FN:82,(anonymous_7)
FN:83,(anonymous_8)
FN:96,(anonymous_9)
FN:104,(anonymous_10)
FNF:11
FNH:11
FNDA:58,(anonymous_0)
FNDA:58,(anonymous_1)
FNDA:4,(anonymous_2)
FNDA:51,(anonymous_3)
FNDA:72,(anonymous_4)
FNDA:2,(anonymous_5)
FNDA:1,(anonymous_6)
FNDA:2,(anonymous_7)
FNDA:1,(anonymous_8)
FNDA:23,(anonymous_9)
FNDA:32,(anonymous_10)
DA:8,58
DA:9,58
DA:10,58
DA:11,58
DA:12,58
DA:17,4
DA:18,4
DA:20,4
DA:31,58
DA:32,58
DA:33,58
DA:40,4
DA:47,72
DA:54,2
DA:55,2
DA:56,0
DA:60,2
DA:61,1
DA:62,1
DA:64,1
DA:65,1
DA:70,1
DA:71,1
DA:73,1
DA:74,1
DA:76,1
DA:83,2
DA:84,2
DA:85,1
DA:88,1
DA:89,1
DA:90,1
DA:97,23
DA:98,23
DA:105,32
DA:106,32
DA:110,4
LF:37
LH:36
BRDA:7,0,0,0
BRDA:24,1,0,0
BRDA:55,2,0,0
BRDA:55,2,1,2
BRDA:60,3,0,1
BRDA:60,3,1,1
BRDA:60,4,0,2
BRDA:60,4,1,1
BRDA:62,5,0,1
BRDA:62,5,1,1
BRDA:64,6,0,1
BRDA:64,6,1,0
BRDA:70,7,0,0
BRDA:70,7,1,1
BRDA:71,8,0,1
BRDA:71,8,1,0
BRDA:73,9,0,1
BRDA:73,9,1,0
BRDA:74,10,0,0
BRDA:74,10,1,1
BRDA:84,11,0,1
BRDA:84,11,1,1
BRDA:98,12,0,23
BRDA:98,12,1,23
BRF:24
BRH:16
end_of_record
TN:
SF:src\models\Usuario.js
FN:7,(anonymous_0)
FN:22,(anonymous_1)
FN:24,(anonymous_2)
FN:43,(anonymous_3)
FN:50,(anonymous_4)
FN:51,(anonymous_5)
FN:57,(anonymous_6)
FN:71,(anonymous_7)
FN:88,(anonymous_8)
FN:89,(anonymous_9)
FN:102,(anonymous_10)
FNF:11
FNH:11
FNDA:41,(anonymous_0)
FNDA:42,(anonymous_1)
FNDA:15,(anonymous_2)
FNDA:1,(anonymous_3)
FNDA:28,(anonymous_4)
FNDA:33,(anonymous_5)
FNDA:2,(anonymous_6)
FNDA:2,(anonymous_7)
FNDA:1,(anonymous_8)
FNDA:1,(anonymous_9)
FNDA:29,(anonymous_10)
DA:8,41
DA:9,41
DA:10,41
DA:15,4
DA:16,4
DA:18,4
DA:24,42
DA:25,42
DA:26,1
DA:30,41
DA:31,41
DA:32,0
DA:35,41
DA:36,41
DA:37,41
DA:44,1
DA:51,33
DA:58,2
DA:59,2
DA:60,0
DA:64,2
DA:65,2
DA:66,2
DA:67,0
DA:70,2
DA:71,2
DA:73,2
DA:74,1
DA:79,1
DA:80,1
DA:82,1
DA:89,1
DA:90,1
DA:91,0
DA:94,1
DA:95,1
DA:96,1
DA:103,29
DA:104,29
DA:108,4
LF:40
LH:36
BRDA:25,0,0,1
BRDA:25,0,1,41
BRDA:31,1,0,0
BRDA:31,1,1,41
BRDA:59,2,0,0
BRDA:59,2,1,2
BRDA:64,3,0,2
BRDA:64,3,1,0
BRDA:64,4,0,2
BRDA:64,4,1,2
BRDA:66,5,0,0
BRDA:66,5,1,2
BRDA:71,6,0,2
BRDA:71,6,1,1
BRDA:73,7,0,1
BRDA:73,7,1,1
BRDA:79,8,0,1
BRDA:79,8,1,0
BRDA:80,9,0,1
BRDA:80,9,1,0
BRDA:90,10,0,0
BRDA:90,10,1,1
BRF:22
BRH:15
end_of_record
TN:
SF:src\routes\disponibilidadeRoutes.js
FNF:0
FNH:0
DA:5,4
DA:6,4
DA:7,4
DA:8,4
DA:52,4
DA:54,4
LF:6
LH:6
BRF:0
BRH:0
end_of_record
TN:
SF:src\routes\reservaRoutes.js
FNF:0
FNH:0
DA:5,4
DA:6,4
DA:7,4
DA:8,4
DA:69,4
DA:98,4
DA:119,4
DA:158,4
DA:181,4
DA:183,4
LF:10
LH:10
BRF:0
BRH:0
end_of_record
TN:
SF:src\routes\salaRoutes.js
FNF:0
FNH:0
DA:5,4
DA:6,4
DA:7,4
DA:8,4
DA:57,4
DA:69,4
DA:90,4
DA:129,4
DA:150,4
DA:152,4
LF:10
LH:10
BRF:0
BRH:0
end_of_record
TN:
SF:src\routes\usuarioRoutes.js
FNF:0
FNH:0
DA:5,4
DA:6,4
DA:7,4
DA:8,4
DA:48,4
DA:60,4
DA:81,4
DA:116,4
DA:137,4
DA:139,4
LF:10
LH:10
BRF:0
BRH:0
end_of_record
